2025-06-15 17:25:07,489 - root - Preparing dataset...
2025-06-15 17:25:07,490 - root - Start training...
2025-06-15 17:28:10,135 - root - ===============================================
2025-06-15 17:28:10,144 - root - Epoch: 1/30, Batch: 1/35
2025-06-15 17:28:10,144 - root - ===Discriminator===============================
2025-06-15 17:28:10,145 - root - d_loss: 2.314610242843628
2025-06-15 17:28:10,145 - root - ===Generator1==================================
2025-06-15 17:28:10,145 - root - MD1: 0.0002570292563177645
2025-06-15 17:28:10,145 - root - FA1: 0.06518533825874329
2025-06-15 17:28:10,146 - root - MF_loss1: 0.09088826179504395
2025-06-15 17:28:10,146 - root - gc_loss1: 0.6913378834724426
2025-06-15 17:28:10,146 - root - gen_adv_loss1: 0.7442495822906494
2025-06-15 17:28:10,146 - root - gen1_loss: 17.222660064697266
2025-06-15 17:28:10,146 - root - ===Generator2=================================
2025-06-15 17:28:10,146 - root - MD2: 0.0003707540163304657
2025-06-15 17:28:10,146 - root - FA2: 0.05682666227221489
2025-06-15 17:28:10,147 - root - MF_loss2: 0.05719741806387901
2025-06-15 17:28:10,147 - root - gc_loss2: 0.6913378834724426
2025-06-15 17:28:10,147 - root - gen_adv_loss2: 0.7676810026168823
2025-06-15 17:28:10,147 - root - gen2_loss: 14.087889671325684
