2025-06-15 20:00:45,833 - root - Preparing dataset...
2025-06-15 20:00:45,834 - root - Start training...
2025-06-15 20:00:46,812 - root - ===============================================
2025-06-15 20:00:46,812 - root - Epoch: 1/30, Batch: 1/171
2025-06-15 20:00:46,813 - root - ===Discriminator===============================
2025-06-15 20:00:46,895 - root - d_loss: 2.281982898712158
2025-06-15 20:00:46,895 - root - ===Generator1==================================
2025-06-15 20:00:46,896 - root - MD1: 0.0002464415447320789
2025-06-15 20:00:46,897 - root - FA1: 0.06713639199733734
2025-06-15 20:00:46,907 - root - MF_loss1: 0.09178054332733154
2025-06-15 20:00:46,907 - root - gc_loss1: 0.5116214156150818
2025-06-15 20:00:46,907 - root - gen_adv_loss1: 0.756584107875824
2025-06-15 20:00:46,908 - root - gen1_loss: 17.255517959594727
2025-06-15 20:00:46,908 - root - ===Generator2=================================
2025-06-15 20:00:46,909 - root - MD2: 0.00020915891218464822
2025-06-15 20:00:46,909 - root - FA2: 0.06487778574228287
2025-06-15 20:00:46,909 - root - MF_loss2: 0.06508694589138031
2025-06-15 20:00:46,909 - root - gc_loss2: 0.5116214156150818
2025-06-15 20:00:46,910 - root - gen_adv_loss2: 0.7700388431549072
2025-06-15 20:00:46,910 - root - gen2_loss: 14.720705032348633
2025-06-15 20:06:51,856 - root - ===============================================
2025-06-15 20:06:51,856 - root - Epoch: 1/30, Batch: 101/171
2025-06-15 20:06:51,857 - root - ===Discriminator===============================
2025-06-15 20:06:56,354 - root - d_loss: 2.3004884719848633
2025-06-15 20:06:56,355 - root - ===Generator1==================================
2025-06-15 20:06:56,355 - root - MD1: 7.59589092922397e-05
2025-06-15 20:06:56,356 - root - FA1: 0.0044071488082408905
2025-06-15 20:06:56,356 - root - MF_loss1: 0.012003039941191673
2025-06-15 20:06:56,356 - root - gc_loss1: 0.27727600932121277
2025-06-15 20:06:56,357 - root - gen_adv_loss1: 0.7693535089492798
2025-06-15 20:06:56,357 - root - gen1_loss: 9.171114921569824
2025-06-15 20:06:56,357 - root - ===Generator2=================================
2025-06-15 20:06:56,358 - root - MD2: 8.392333984375e-05
2025-06-15 20:06:56,358 - root - FA2: 0.0012244967510923743
2025-06-15 20:06:56,359 - root - MF_loss2: 0.0013084200909361243
2025-06-15 20:06:56,359 - root - gc_loss2: 0.27727600932121277
2025-06-15 20:06:56,359 - root - gen_adv_loss2: 0.7456945776939392
2025-06-15 20:06:56,360 - root - gen2_loss: 7.8650641441345215
