2025-06-21 01:54:12,001 - root - Preparing dataset...
2025-06-21 01:54:12,009 - root - Start training...
2025-06-21 01:54:39,592 - root - ===============================================
2025-06-21 01:54:39,592 - root - Epoch: 1/30, Batch: 1/35
2025-06-21 01:54:39,593 - root - ===Discriminator===============================
2025-06-21 01:54:58,126 - root - d_loss: 2.2953684329986572
2025-06-21 01:54:58,127 - root - ===Generator1==================================
2025-06-21 01:54:58,127 - root - MD1: 0.0010137278586626053
2025-06-21 01:54:58,128 - root - FA1: 0.008948614820837975
2025-06-21 01:54:58,130 - root - MF_loss1: 0.11032140254974365
2025-06-21 01:54:58,130 - root - gc_loss1: 0.3875250816345215
2025-06-21 01:54:58,130 - root - gen_adv_loss1: 0.7513599991798401
2025-06-21 01:54:58,130 - root - gen1_loss: 18.933265686035156
2025-06-21 01:54:58,131 - root - ===Generator2=================================
2025-06-21 01:54:58,131 - root - MD2: 0.0009034821996465325
2025-06-21 01:54:58,131 - root - FA2: 0.014237194322049618
2025-06-21 01:54:58,131 - root - MF_loss2: 0.015140676870942116
2025-06-21 01:54:58,131 - root - gc_loss2: 0.3875250816345215
2025-06-21 01:54:58,132 - root - gen_adv_loss2: 0.7449135184288025
2025-06-21 01:54:58,132 - root - gen2_loss: 9.350728988647461
