2025-06-18 22:10:12,277 - root - Preparing dataset...
2025-06-18 22:10:12,279 - root - Start training...
2025-06-18 22:10:13,286 - root - ===============================================
2025-06-18 22:10:13,287 - root - Epoch: 1/30, Batch: 1/171
2025-06-18 22:10:13,287 - root - ===Discriminator===============================
2025-06-18 22:10:13,368 - root - d_loss: 2.321011543273926
2025-06-18 22:10:13,369 - root - ===Generator1==================================
2025-06-18 22:10:13,369 - root - MD1: 6.611700518988073e-05
2025-06-18 22:10:13,370 - root - FA1: 0.03303629904985428
2025-06-18 22:10:13,381 - root - MF_loss1: 0.03964800015091896
2025-06-18 22:10:13,381 - root - gc_loss1: 0.915469765663147
2025-06-18 22:10:13,382 - root - gen_adv_loss1: 0.7547143697738647
2025-06-18 22:10:13,382 - root - gen1_loss: 12.427413940429688
2025-06-18 22:10:13,382 - root - ===Generator2=================================
2025-06-18 22:10:13,383 - root - MD2: 3.8712125387974083e-05
2025-06-18 22:10:13,383 - root - FA2: 0.06489221006631851
2025-06-18 22:10:13,383 - root - MF_loss2: 0.06493092328310013
2025-06-18 22:10:13,384 - root - gc_loss2: 0.915469765663147
2025-06-18 22:10:13,384 - root - gen_adv_loss2: 0.7239733934402466
2025-06-18 22:10:13,384 - root - gen2_loss: 14.648296356201172
2025-06-18 22:17:56,599 - root - ===============================================
2025-06-18 22:17:56,599 - root - Epoch: 1/30, Batch: 101/171
2025-06-18 22:17:56,600 - root - ===Discriminator===============================
2025-06-18 22:18:01,067 - root - d_loss: 2.2920734882354736
2025-06-18 22:18:01,068 - root - ===Generator1==================================
2025-06-18 22:18:01,069 - root - MD1: 0.0001739592116791755
2025-06-18 22:18:01,069 - root - FA1: 0.00028036715229973197
2025-06-18 22:18:01,069 - root - MF_loss1: 0.01767628826200962
2025-06-18 22:18:01,070 - root - gc_loss1: 0.06208069249987602
2025-06-18 22:18:01,070 - root - gen_adv_loss1: 0.7269200086593628
2025-06-18 22:18:01,070 - root - gen1_loss: 9.098909378051758
2025-06-18 22:18:01,071 - root - ===Generator2=================================
2025-06-18 22:18:01,071 - root - MD2: 0.00023651123046875
2025-06-18 22:18:01,072 - root - FA2: 3.304943675175309e-05
2025-06-18 22:18:01,072 - root - MF_loss2: 0.0002695606672205031
2025-06-18 22:18:01,072 - root - gc_loss2: 0.06208069249987602
2025-06-18 22:18:01,072 - root - gen_adv_loss2: 0.7352662086486816
2025-06-18 22:18:01,073 - root - gen2_loss: 7.441699028015137
2025-06-18 22:22:34,796 - root - Epoch 1 evaluation:
2025-06-18 22:22:34,796 - root - ==========g1 results ============================
2025-06-18 22:22:34,796 - root - ==========val_L2_loss is 0.009896
2025-06-18 22:22:34,797 - root - ==========falseAlarm_rate is 0.016859
2025-06-18 22:22:34,797 - root - ==========detection_rate is 0.208197
2025-06-18 22:22:34,797 - root - ==========F1 measure is 0.071646
2025-06-18 22:22:34,798 - root - ========== g2 results ============================
2025-06-18 22:22:34,798 - root - ==========val_L2_loss is 0.000250
2025-06-18 22:22:34,798 - root - ==========falseAlarm_rate is 0.000101
2025-06-18 22:22:34,799 - root - ==========detection_rate is 0.008671
2025-06-18 22:22:34,799 - root - ==========F1 measure is 0.000000
2025-06-18 22:22:34,799 - root - ========== g3 results ============================
2025-06-18 22:22:34,800 - root - ==========val_L2_loss is 0.002602
2025-06-18 22:22:34,800 - root - ==========falseAlarm_rate is 0.008480
2025-06-18 22:22:34,801 - root - ==========detection_rate is 0.108434
2025-06-18 22:22:34,801 - root - ==========F1 measure is 0.075486
