2025-06-18 15:48:06,162 - root - Preparing dataset...
2025-06-18 15:48:06,164 - root - Start training...
2025-06-18 15:48:07,109 - root - ===============================================
2025-06-18 15:48:07,109 - root - Epoch: 1/30, Batch: 1/171
2025-06-18 15:48:07,110 - root - ===Discriminator===============================
2025-06-18 15:48:07,191 - root - d_loss: 2.3332810401916504
2025-06-18 15:48:07,191 - root - ===Generator1==================================
2025-06-18 15:48:07,192 - root - MD1: 8.406958659179509e-05
2025-06-18 15:48:07,192 - root - FA1: 0.04117637872695923
2025-06-18 15:48:07,203 - root - MF_loss1: 0.04958333820104599
2025-06-18 15:48:07,204 - root - gc_loss1: 0.6688125729560852
2025-06-18 15:48:07,204 - root - gen_adv_loss1: 0.7936238646507263
2025-06-18 15:48:07,204 - root - gen1_loss: 13.563385963439941
2025-06-18 15:48:07,205 - root - ===Generator2=================================
2025-06-18 15:48:07,205 - root - MD2: 5.5980235629249364e-05
2025-06-18 15:48:07,205 - root - FA2: 0.1081264317035675
2025-06-18 15:48:07,206 - root - MF_loss2: 0.10818241536617279
2025-06-18 15:48:07,206 - root - gc_loss2: 0.6688125729560852
2025-06-18 15:48:07,206 - root - gen_adv_loss2: 0.7686647176742554
2025-06-18 15:48:07,207 - root - gen2_loss: 19.1737003326416
2025-06-18 15:54:12,198 - root - ===============================================
2025-06-18 15:54:12,198 - root - Epoch: 1/30, Batch: 101/171
2025-06-18 15:54:12,199 - root - ===Discriminator===============================
2025-06-18 15:54:16,689 - root - d_loss: 2.311073064804077
2025-06-18 15:54:16,690 - root - ===Generator1==================================
2025-06-18 15:54:16,691 - root - MD1: 0.00013843379565514624
2025-06-18 15:54:16,691 - root - FA1: 0.0029022640082985163
2025-06-18 15:54:16,691 - root - MF_loss1: 0.016745643690228462
2025-06-18 15:54:16,692 - root - gc_loss1: 0.1634831428527832
2025-06-18 15:54:16,692 - root - gen_adv_loss1: 0.7677271366119385
2025-06-18 15:54:16,692 - root - gen1_loss: 9.515317916870117
2025-06-18 15:54:16,693 - root - ===Generator2=================================
2025-06-18 15:54:16,693 - root - MD2: 0.0001593696651980281
2025-06-18 15:54:16,693 - root - FA2: 0.0001265843748115003
2025-06-18 15:54:16,693 - root - MF_loss2: 0.0002859540400095284
2025-06-18 15:54:16,694 - root - gc_loss2: 0.1634831428527832
2025-06-18 15:54:16,694 - root - gen_adv_loss2: 0.7669212818145752
2025-06-18 15:54:16,694 - root - gen2_loss: 7.861291408538818
