2025-06-15 20:24:25,980 - root - Preparing dataset...
2025-06-15 20:24:25,981 - root - Start training...
2025-06-15 20:24:26,957 - root - ===============================================
2025-06-15 20:24:26,957 - root - Epoch: 1/30, Batch: 1/171
2025-06-15 20:24:26,958 - root - ===Discriminator===============================
2025-06-15 20:24:27,039 - root - d_loss: 2.306453227996826
2025-06-15 20:24:27,039 - root - ===Generator1==================================
2025-06-15 20:24:27,040 - root - MD1: 0.002534927800297737
2025-06-15 20:24:27,040 - root - FA1: 0.009415341541171074
2025-06-15 20:24:27,042 - root - MF_loss1: 0.26290810108184814
2025-06-15 20:24:27,042 - root - gc_loss1: 0.6822537183761597
2025-06-15 20:24:27,043 - root - gen_adv_loss1: 0.7569230794906616
2025-06-15 20:24:27,043 - root - gen1_loss: 34.542293548583984
2025-06-15 20:24:27,043 - root - ===Generator2=================================
2025-06-15 20:24:27,044 - root - MD2: 0.0023198025301098824
2025-06-15 20:24:27,044 - root - FA2: 0.06798961758613586
2025-06-15 20:24:27,045 - root - MF_loss2: 0.07030942291021347
2025-06-15 20:24:27,045 - root - gc_loss2: 0.6822537183761597
2025-06-15 20:24:27,045 - root - gen_adv_loss2: 0.7603758573532104
2025-06-15 20:24:27,046 - root - gen2_loss: 15.316954612731934
2025-06-15 20:30:32,192 - root - ===============================================
2025-06-15 20:30:32,193 - root - Epoch: 1/30, Batch: 101/171
2025-06-15 20:30:32,193 - root - ===Discriminator===============================
2025-06-15 20:30:36,691 - root - d_loss: 2.267457962036133
2025-06-15 20:30:36,692 - root - ===Generator1==================================
2025-06-15 20:30:36,692 - root - MD1: 0.00010575310443527997
2025-06-15 20:30:36,693 - root - FA1: 0.0068926261737942696
2025-06-15 20:30:36,693 - root - MF_loss1: 0.017467936500906944
2025-06-15 20:30:36,694 - root - gc_loss1: 0.20053556561470032
2025-06-15 20:30:36,694 - root - gen_adv_loss1: 0.7639416456222534
2025-06-15 20:30:36,694 - root - gen1_loss: 9.586746215820312
2025-06-15 20:30:36,695 - root - ===Generator2=================================
2025-06-15 20:30:36,695 - root - MD2: 0.0005964734591543674
2025-06-15 20:30:36,696 - root - FA2: 0.002599606290459633
2025-06-15 20:30:36,696 - root - MF_loss2: 0.0031960797496140003
2025-06-15 20:30:36,697 - root - gc_loss2: 0.20053556561470032
2025-06-15 20:30:36,697 - root - gen_adv_loss2: 0.7681755423545837
2025-06-15 20:30:36,697 - root - gen2_loss: 8.201899528503418
