2025-06-18 22:09:55,734 - root - Preparing dataset...
2025-06-18 22:09:55,736 - root - Start training...
2025-06-18 22:09:56,769 - root - ===============================================
2025-06-18 22:09:56,770 - root - Epoch: 1/30, Batch: 1/171
2025-06-18 22:09:56,770 - root - ===Discriminator===============================
2025-06-18 22:09:56,851 - root - d_loss: 2.2915759086608887
2025-06-18 22:09:56,851 - root - ===Generator1==================================
2025-06-18 22:09:56,852 - root - MD1: 0.0004816090513486415
2025-06-18 22:09:56,852 - root - FA1: 0.0856907069683075
2025-06-18 22:09:56,853 - root - MF_loss1: 0.13385161757469177
2025-06-18 22:09:56,853 - root - gc_loss1: 0.3578971028327942
2025-06-18 22:09:56,854 - root - gen_adv_loss1: 0.7853398323059082
2025-06-18 22:09:56,854 - root - gen1_loss: 21.59645652770996
2025-06-18 22:09:56,854 - root - ===Generator2=================================
2025-06-18 22:09:56,855 - root - MD2: 0.0011749267578125
2025-06-18 22:09:56,855 - root - FA2: 0.011220871470868587
2025-06-18 22:09:56,856 - root - MF_loss2: 0.012395798228681087
2025-06-18 22:09:56,856 - root - gc_loss2: 0.3578971028327942
2025-06-18 22:09:56,856 - root - gen_adv_loss2: 0.7809133529663086
2025-06-18 22:09:56,857 - root - gen2_loss: 9.406610488891602
