2025-06-15 18:29:18,063 - root - Preparing dataset...
2025-06-15 18:29:18,065 - root - Start training...
2025-06-15 18:29:19,056 - root - ===============================================
2025-06-15 18:29:19,056 - root - Epoch: 1/30, Batch: 1/171
2025-06-15 18:29:19,056 - root - ===Discriminator===============================
2025-06-15 18:29:19,139 - root - d_loss: 2.220163106918335
2025-06-15 18:29:19,139 - root - ===Generator1==================================
2025-06-15 18:29:19,140 - root - MD1: 0.0005200366722419858
2025-06-15 18:29:19,140 - root - FA1: 0.00692191906273365
2025-06-15 18:29:19,152 - root - MF_loss1: 0.05892558395862579
2025-06-15 18:29:19,152 - root - gc_loss1: 0.27190670371055603
2025-06-15 18:29:19,152 - root - gen_adv_loss1: 0.8152248859405518
2025-06-15 18:29:19,153 - root - gen1_loss: 14.3167142868042
2025-06-15 18:29:19,153 - root - ===Generator2=================================
2025-06-15 18:29:19,153 - root - MD2: 0.0003170709533151239
2025-06-15 18:29:19,154 - root - FA2: 0.08389277756214142
2025-06-15 18:29:19,154 - root - MF_loss2: 0.0842098519206047
2025-06-15 18:29:19,154 - root - gc_loss2: 0.27190670371055603
2025-06-15 18:29:19,155 - root - gen_adv_loss2: 0.8025469779968262
2025-06-15 18:29:19,155 - root - gen2_loss: 16.718360900878906
2025-06-15 18:35:24,268 - root - ===============================================
2025-06-15 18:35:24,268 - root - Epoch: 1/30, Batch: 101/171
2025-06-15 18:35:24,269 - root - ===Discriminator===============================
2025-06-15 18:35:28,770 - root - d_loss: 2.289731979370117
2025-06-15 18:35:28,771 - root - ===Generator1==================================
2025-06-15 18:35:28,772 - root - MD1: 0.00034332275390625
2025-06-15 18:35:28,772 - root - FA1: 7.2345483204117045e-06
2025-06-15 18:35:28,773 - root - MF_loss1: 0.03433950990438461
2025-06-15 18:35:28,773 - root - gc_loss1: 0.044759392738342285
2025-06-15 18:35:28,774 - root - gen_adv_loss1: 0.770605742931366
2025-06-15 18:35:28,774 - root - gen1_loss: 11.184768676757812
2025-06-15 18:35:28,774 - root - ===Generator2=================================
2025-06-15 18:35:28,775 - root - MD2: 0.00030620439792983234
2025-06-15 18:35:28,775 - root - FA2: 0.0004714098758995533
2025-06-15 18:35:28,775 - root - MF_loss2: 0.0007776143029332161
2025-06-15 18:35:28,776 - root - gc_loss2: 0.044759392738342285
2025-06-15 18:35:28,776 - root - gen_adv_loss2: 0.7500350475311279
2025-06-15 18:35:28,777 - root - gen2_loss: 7.622871398925781
