2025-06-18 17:10:49,983 - root - Preparing dataset...
2025-06-18 17:10:49,984 - root - Start training...
2025-06-18 17:10:50,956 - root - ===============================================
2025-06-18 17:10:50,957 - root - Epoch: 1/30, Batch: 1/171
2025-06-18 17:10:50,957 - root - ===Discriminator===============================
2025-06-18 17:10:51,038 - root - d_loss: 2.242845058441162
2025-06-18 17:10:51,038 - root - ===Generator1==================================
2025-06-18 17:10:51,039 - root - MD1: 2.9354154321481474e-05
2025-06-18 17:10:51,040 - root - FA1: 0.20394441485404968
2025-06-18 17:10:51,050 - root - MF_loss1: 0.20687982439994812
2025-06-18 17:10:51,051 - root - gc_loss1: 0.6944814920425415
2025-06-18 17:10:51,051 - root - gen_adv_loss1: 0.7780013084411621
2025-06-18 17:10:51,051 - root - gen1_loss: 29.1624755859375
2025-06-18 17:10:51,052 - root - ===Generator2=================================
2025-06-18 17:10:51,052 - root - MD2: 0.00022552127484232187
2025-06-18 17:10:51,053 - root - FA2: 0.14566832780838013
2025-06-18 17:10:51,053 - root - MF_loss2: 0.14589384198188782
2025-06-18 17:10:51,054 - root - gc_loss2: 0.6944814920425415
2025-06-18 17:10:51,054 - root - gen_adv_loss2: 0.7891631126403809
2025-06-18 17:10:51,055 - root - gen2_loss: 23.175495147705078
2025-06-18 20:36:13,688 - root - ===============================================
2025-06-18 20:36:13,689 - root - Epoch: 1/30, Batch: 101/171
2025-06-18 20:36:13,689 - root - ===Discriminator===============================
2025-06-18 20:36:18,166 - root - d_loss: 2.2677853107452393
2025-06-18 20:36:18,167 - root - ===Generator1==================================
2025-06-18 20:36:18,169 - root - MD1: 6.201606447575614e-05
2025-06-18 20:36:18,170 - root - FA1: 0.03187307342886925
2025-06-18 20:36:18,171 - root - MF_loss1: 0.03807467967271805
2025-06-18 20:36:18,172 - root - gc_loss1: 0.3158198595046997
2025-06-18 20:36:18,173 - root - gen_adv_loss1: 0.7741813659667969
2025-06-18 20:36:18,173 - root - gen1_loss: 11.86510181427002
2025-06-18 20:36:18,174 - root - ===Generator2=================================
2025-06-18 20:36:18,175 - root - MD2: 6.78152937325649e-05
2025-06-18 20:36:18,177 - root - FA2: 0.0003678527718875557
2025-06-18 20:36:18,178 - root - MF_loss2: 0.00043566807289607823
2025-06-18 20:36:18,179 - root - gc_loss2: 0.3158198595046997
2025-06-18 20:36:18,180 - root - gen_adv_loss2: 0.7475358843803406
2025-06-18 20:36:18,181 - root - gen2_loss: 7.834745407104492
2025-06-18 20:41:04,564 - root - Epoch 1 evaluation:
2025-06-18 20:41:04,565 - root - ==========g1 results ============================
2025-06-18 20:41:04,565 - root - ==========val_L2_loss is 0.004009
2025-06-18 20:41:04,566 - root - ==========falseAlarm_rate is 0.022917
2025-06-18 20:41:04,577 - root - ==========detection_rate is 0.175036
2025-06-18 20:41:04,577 - root - ==========F1 measure is 0.074071
2025-06-18 20:41:04,578 - root - ========== g2 results ============================
2025-06-18 20:41:04,578 - root - ==========val_L2_loss is 0.000409
2025-06-18 20:41:04,578 - root - ==========falseAlarm_rate is 0.001659
2025-06-18 20:41:04,579 - root - ==========detection_rate is 0.001783
2025-06-18 20:41:04,580 - root - ==========F1 measure is 0.000000
2025-06-18 20:41:04,580 - root - ========== g3 results ============================
2025-06-18 20:41:04,581 - root - ==========val_L2_loss is 0.001392
2025-06-18 20:41:04,581 - root - ==========falseAlarm_rate is 0.012288
2025-06-18 20:41:04,582 - root - ==========detection_rate is 0.088409
2025-06-18 20:41:04,583 - root - ==========F1 measure is 0.013435
2025-06-18 20:41:04,624 - root - ===============================================
2025-06-18 20:41:04,625 - root - Epoch: 2/30, Batch: 1/171
2025-06-18 20:41:04,625 - root - ===Discriminator===============================
2025-06-18 20:41:05,559 - root - d_loss: 2.2704529762268066
2025-06-18 20:41:05,560 - root - ===Generator1==================================
2025-06-18 20:41:05,560 - root - MD1: 7.667357567697763e-05
2025-06-18 20:41:05,561 - root - FA1: 0.0025365448091179132
2025-06-18 20:41:05,562 - root - MF_loss1: 0.01020390260964632
2025-06-18 20:41:05,562 - root - gc_loss1: 0.13338565826416016
2025-06-18 20:41:05,562 - root - gen_adv_loss1: 0.7395167350769043
2025-06-18 20:41:05,563 - root - gen1_loss: 8.548943519592285
2025-06-18 20:41:05,563 - root - ===Generator2=================================
2025-06-18 20:41:05,563 - root - MD2: 0.00110626220703125
2025-06-18 20:41:05,564 - root - FA2: 3.722187003063482e-08
2025-06-18 20:41:05,564 - root - MF_loss2: 0.0011062994599342346
2025-06-18 20:41:05,565 - root - gc_loss2: 0.13338565826416016
2025-06-18 20:41:05,565 - root - gen_adv_loss2: 0.7502343058586121
2025-06-18 20:41:05,566 - root - gen2_loss: 7.746358871459961
2025-06-18 20:46:07,987 - root - ===============================================
2025-06-18 20:46:07,988 - root - Epoch: 2/30, Batch: 101/171
2025-06-18 20:46:07,988 - root - ===Discriminator===============================
2025-06-18 20:46:10,917 - root - d_loss: 2.2787187099456787
2025-06-18 20:46:10,918 - root - ===Generator1==================================
2025-06-18 20:46:10,919 - root - MD1: 0.0001698683190625161
2025-06-18 20:46:10,920 - root - FA1: 0.0033145565539598465
2025-06-18 20:46:10,921 - root - MF_loss1: 0.020301388576626778
2025-06-18 20:46:10,922 - root - gc_loss1: 0.21821297705173492
2025-06-18 20:46:10,923 - root - gen_adv_loss1: 0.7851166725158691
2025-06-18 20:46:10,923 - root - gen1_loss: 10.099518775939941
2025-06-18 20:46:10,924 - root - ===Generator2=================================
2025-06-18 20:46:10,925 - root - MD2: 0.00043487548828125
2025-06-18 20:46:10,926 - root - FA2: 8.494046778650954e-05
2025-06-18 20:46:10,927 - root - MF_loss2: 0.0005198159487918019
2025-06-18 20:46:10,928 - root - gc_loss2: 0.21821297705173492
2025-06-18 20:46:10,928 - root - gen_adv_loss2: 0.7705502510070801
2025-06-18 20:46:10,929 - root - gen2_loss: 7.975697040557861
2025-06-18 20:50:05,454 - root - Epoch 2 evaluation:
2025-06-18 20:50:05,455 - root - ==========g1 results ============================
2025-06-18 20:50:05,455 - root - ==========val_L2_loss is 0.026816
2025-06-18 20:50:05,456 - root - ==========falseAlarm_rate is 0.035091
2025-06-18 20:50:05,457 - root - ==========detection_rate is 0.364894
2025-06-18 20:50:05,457 - root - ==========F1 measure is 0.044804
2025-06-18 20:50:05,457 - root - ========== g2 results ============================
2025-06-18 20:50:05,458 - root - ==========val_L2_loss is 0.000301
2025-06-18 20:50:05,458 - root - ==========falseAlarm_rate is 0.001231
2025-06-18 20:50:05,459 - root - ==========detection_rate is 0.006485
2025-06-18 20:50:05,459 - root - ==========F1 measure is 0.000000
2025-06-18 20:50:05,460 - root - ========== g3 results ============================
2025-06-18 20:50:05,460 - root - ==========val_L2_loss is 0.006814
2025-06-18 20:50:05,460 - root - ==========falseAlarm_rate is 0.018161
2025-06-18 20:50:05,461 - root - ==========detection_rate is 0.185690
2025-06-18 20:50:05,461 - root - ==========F1 measure is 0.048755
2025-06-18 20:50:05,534 - root - ===============================================
2025-06-18 20:50:05,534 - root - Epoch: 3/30, Batch: 1/171
2025-06-18 20:50:05,535 - root - ===Discriminator===============================
2025-06-18 20:50:08,644 - root - d_loss: 2.2518773078918457
2025-06-18 20:50:08,645 - root - ===Generator1==================================
2025-06-18 20:50:08,646 - root - MD1: 0.0
2025-06-18 20:50:08,647 - root - FA1: 0.004450181033462286
2025-06-18 20:50:08,648 - root - MF_loss1: 0.004450181033462286
2025-06-18 20:50:08,649 - root - gc_loss1: 0.21015430986881256
2025-06-18 20:50:08,650 - root - gen_adv_loss1: 0.7560471296310425
2025-06-18 20:50:08,650 - root - gen1_loss: 8.215643882751465
2025-06-18 20:50:08,651 - root - ===Generator2=================================
2025-06-18 20:50:08,652 - root - MD2: 0.00043223740067332983
2025-06-18 20:50:08,653 - root - FA2: 0.0012998959282413125
2025-06-18 20:50:08,654 - root - MF_loss2: 0.0017321333289146423
2025-06-18 20:50:08,654 - root - gc_loss2: 0.21015430986881256
2025-06-18 20:50:08,655 - root - gen_adv_loss2: 0.7722660899162292
2025-06-18 20:50:08,656 - root - gen2_loss: 8.10602855682373
2025-06-18 20:55:50,630 - root - ===============================================
2025-06-18 20:55:50,631 - root - Epoch: 3/30, Batch: 101/171
2025-06-18 20:55:50,632 - root - ===Discriminator===============================
2025-06-18 20:55:53,555 - root - d_loss: 2.2894277572631836
2025-06-18 20:55:53,556 - root - ===Generator1==================================
2025-06-18 20:55:53,557 - root - MD1: 0.00040143608930520713
2025-06-18 20:55:53,558 - root - FA1: 0.0014731213450431824
2025-06-18 20:55:53,560 - root - MF_loss1: 0.04161673039197922
2025-06-18 20:55:53,561 - root - gc_loss1: 0.18021774291992188
2025-06-18 20:55:53,562 - root - gen_adv_loss1: 0.7476775050163269
2025-06-18 20:55:53,563 - root - gen1_loss: 11.818666458129883
2025-06-18 20:55:53,563 - root - ===Generator2=================================
2025-06-18 20:55:53,564 - root - MD2: 0.000561214517802
2025-06-18 20:55:53,565 - root - FA2: 3.319501774967648e-05
2025-06-18 20:55:53,566 - root - MF_loss2: 0.0005944095319136977
2025-06-18 20:55:53,567 - root - gc_loss2: 0.18021774291992188
2025-06-18 20:55:53,568 - root - gen_adv_loss2: 0.7640541791915894
2025-06-18 20:55:53,569 - root - gen2_loss: 7.8802008628845215
2025-06-18 21:00:17,565 - root - Epoch 3 evaluation:
2025-06-18 21:00:17,565 - root - ==========g1 results ============================
2025-06-18 21:00:17,565 - root - ==========val_L2_loss is 0.002482
2025-06-18 21:00:17,566 - root - ==========falseAlarm_rate is 0.007870
2025-06-18 21:00:17,567 - root - ==========detection_rate is 0.353581
2025-06-18 21:00:17,567 - root - ==========F1 measure is 0.106750
2025-06-18 21:00:17,567 - root - ========== g2 results ============================
2025-06-18 21:00:17,568 - root - ==========val_L2_loss is 0.000251
2025-06-18 21:00:17,568 - root - ==========falseAlarm_rate is 0.000543
2025-06-18 21:00:17,569 - root - ==========detection_rate is 0.018946
2025-06-18 21:00:17,569 - root - ==========F1 measure is 0.008742
2025-06-18 21:00:17,570 - root - ========== g3 results ============================
2025-06-18 21:00:17,570 - root - ==========val_L2_loss is 0.000727
2025-06-18 21:00:17,571 - root - ==========falseAlarm_rate is 0.004206
2025-06-18 21:00:17,572 - root - ==========detection_rate is 0.186264
2025-06-18 21:00:17,572 - root - ==========F1 measure is 0.114299
2025-06-18 21:00:17,640 - root - ===============================================
2025-06-18 21:00:17,640 - root - Epoch: 4/30, Batch: 1/171
2025-06-18 21:00:17,641 - root - ===Discriminator===============================
2025-06-18 21:00:18,565 - root - d_loss: 2.278071403503418
2025-06-18 21:00:18,566 - root - ===Generator1==================================
2025-06-18 21:00:18,567 - root - MD1: 6.366879097186029e-05
2025-06-18 21:00:18,567 - root - FA1: 0.0022183626424521208
2025-06-18 21:00:18,568 - root - MF_loss1: 0.008585241623222828
2025-06-18 21:00:18,569 - root - gc_loss1: 0.1671982705593109
2025-06-18 21:00:18,569 - root - gen_adv_loss1: 0.7665290832519531
2025-06-18 21:00:18,570 - root - gen1_loss: 8.69101333618164
2025-06-18 21:00:18,570 - root - ===Generator2=================================
2025-06-18 21:00:18,571 - root - MD2: 0.00044675974640995264
2025-06-18 21:00:18,571 - root - FA2: 0.00042958982521668077
2025-06-18 21:00:18,572 - root - MF_loss2: 0.0008763495716266334
2025-06-18 21:00:18,572 - root - gc_loss2: 0.1671982705593109
2025-06-18 21:00:18,573 - root - gen_adv_loss2: 0.7583734393119812
2025-06-18 21:00:18,574 - root - gen2_loss: 7.838567733764648
2025-06-18 21:05:25,986 - root - ===============================================
2025-06-18 21:05:25,987 - root - Epoch: 4/30, Batch: 101/171
2025-06-18 21:05:25,988 - root - ===Discriminator===============================
2025-06-18 21:05:29,006 - root - d_loss: 2.265619993209839
2025-06-18 21:05:29,007 - root - ===Generator1==================================
2025-06-18 21:05:29,009 - root - MD1: 9.1552734375e-05
2025-06-18 21:05:29,010 - root - FA1: 0.005117196589708328
2025-06-18 21:05:29,011 - root - MF_loss1: 0.014272470027208328
2025-06-18 21:05:29,012 - root - gc_loss1: 0.18797895312309265
2025-06-18 21:05:29,013 - root - gen_adv_loss1: 0.7645537257194519
2025-06-18 21:05:29,014 - root - gen1_loss: 9.260763168334961
2025-06-18 21:05:29,015 - root - ===Generator2=================================
2025-06-18 21:05:29,016 - root - MD2: 9.1552734375e-05
2025-06-18 21:05:29,017 - root - FA2: 0.00025366072077304125
2025-06-18 21:05:29,018 - root - MF_loss2: 0.00034521345514804125
2025-06-18 21:05:29,019 - root - gc_loss2: 0.18797895312309265
2025-06-18 21:05:29,019 - root - gen_adv_loss2: 0.7392074465751648
2025-06-18 21:05:29,020 - root - gen2_loss: 7.614574909210205
2025-06-18 21:09:28,672 - root - Epoch 4 evaluation:
2025-06-18 21:09:28,673 - root - ==========g1 results ============================
2025-06-18 21:09:28,673 - root - ==========val_L2_loss is 0.001602
2025-06-18 21:09:28,674 - root - ==========falseAlarm_rate is 0.002478
2025-06-18 21:09:28,675 - root - ==========detection_rate is 0.364746
2025-06-18 21:09:28,675 - root - ==========F1 measure is 0.113209
2025-06-18 21:09:28,675 - root - ========== g2 results ============================
2025-06-18 21:09:28,676 - root - ==========val_L2_loss is 0.000259
2025-06-18 21:09:28,676 - root - ==========falseAlarm_rate is 0.000266
2025-06-18 21:09:28,677 - root - ==========detection_rate is 0.068202
2025-06-18 21:09:28,678 - root - ==========F1 measure is 0.069568
2025-06-18 21:09:28,678 - root - ========== g3 results ============================
2025-06-18 21:09:28,678 - root - ==========val_L2_loss is 0.000536
2025-06-18 21:09:28,679 - root - ==========falseAlarm_rate is 0.001372
2025-06-18 21:09:28,680 - root - ==========detection_rate is 0.216474
2025-06-18 21:09:28,680 - root - ==========F1 measure is 0.189262
2025-06-18 21:09:28,757 - root - ===============================================
2025-06-18 21:09:28,757 - root - Epoch: 5/30, Batch: 1/171
2025-06-18 21:09:28,758 - root - ===Discriminator===============================
2025-06-18 21:09:31,862 - root - d_loss: 2.3009963035583496
2025-06-18 21:09:31,863 - root - ===Generator1==================================
2025-06-18 21:09:31,864 - root - MD1: 0.0
2025-06-18 21:09:31,865 - root - FA1: 0.002858604770153761
2025-06-18 21:09:31,866 - root - MF_loss1: 0.002858604770153761
2025-06-18 21:09:31,867 - root - gc_loss1: 0.22894462943077087
2025-06-18 21:09:31,868 - root - gen_adv_loss1: 0.7966894507408142
2025-06-18 21:09:31,869 - root - gen1_loss: 8.48169994354248
2025-06-18 21:09:31,869 - root - ===Generator2=================================
2025-06-18 21:09:31,870 - root - MD2: 0.0006771977059543133
2025-06-18 21:09:31,871 - root - FA2: 1.545221130072605e-05
2025-06-18 21:09:31,872 - root - MF_loss2: 0.0006926499190740287
2025-06-18 21:09:31,873 - root - gc_loss2: 0.22894462943077087
2025-06-18 21:09:31,874 - root - gen_adv_loss2: 0.7885789275169373
2025-06-18 21:09:31,874 - root - gen2_loss: 8.183999061584473
2025-06-18 21:15:18,696 - root - ===============================================
2025-06-18 21:15:18,697 - root - Epoch: 5/30, Batch: 101/171
2025-06-18 21:15:18,698 - root - ===Discriminator===============================
2025-06-18 21:15:21,707 - root - d_loss: 2.264336585998535
2025-06-18 21:15:21,708 - root - ===Generator1==================================
2025-06-18 21:15:21,709 - root - MD1: 2.57493667277231e-07
2025-06-18 21:15:21,711 - root - FA1: 0.013293217867612839
2025-06-18 21:15:21,712 - root - MF_loss1: 0.013318967074155807
2025-06-18 21:15:21,713 - root - gc_loss1: 0.45088517665863037
2025-06-18 21:15:21,715 - root - gen_adv_loss1: 0.7892572283744812
2025-06-18 21:15:21,716 - root - gen1_loss: 9.67535400390625
2025-06-18 21:15:21,716 - root - ===Generator2=================================
2025-06-18 21:15:21,717 - root - MD2: 0.00013378482253756374
2025-06-18 21:15:21,718 - root - FA2: 2.8398833819665015e-05
2025-06-18 21:15:21,719 - root - MF_loss2: 0.00016218365635722876
2025-06-18 21:15:21,720 - root - gc_loss2: 0.45088517665863037
2025-06-18 21:15:21,721 - root - gen_adv_loss2: 0.7744647860527039
2025-06-18 21:15:21,722 - root - gen2_loss: 8.211750984191895
2025-06-18 21:19:46,381 - root - Epoch 5 evaluation:
2025-06-18 21:19:46,382 - root - ==========g1 results ============================
2025-06-18 21:19:46,382 - root - ==========val_L2_loss is 0.001645
2025-06-18 21:19:46,383 - root - ==========falseAlarm_rate is 0.003282
2025-06-18 21:19:46,383 - root - ==========detection_rate is 0.334093
2025-06-18 21:19:46,384 - root - ==========F1 measure is 0.131498
2025-06-18 21:19:46,384 - root - ========== g2 results ============================
2025-06-18 21:19:46,385 - root - ==========val_L2_loss is 0.000328
2025-06-18 21:19:46,385 - root - ==========falseAlarm_rate is 0.000506
2025-06-18 21:19:46,386 - root - ==========detection_rate is 0.137059
2025-06-18 21:19:46,386 - root - ==========F1 measure is 0.133177
2025-06-18 21:19:46,386 - root - ========== g3 results ============================
2025-06-18 21:19:46,387 - root - ==========val_L2_loss is 0.000646
2025-06-18 21:19:46,387 - root - ==========falseAlarm_rate is 0.001894
2025-06-18 21:19:46,388 - root - ==========detection_rate is 0.235576
2025-06-18 21:19:46,388 - root - ==========F1 measure is 0.179672
2025-06-18 21:19:46,481 - root - ===============================================
2025-06-18 21:19:46,481 - root - Epoch: 6/30, Batch: 1/171
2025-06-18 21:19:46,482 - root - ===Discriminator===============================
2025-06-18 21:19:47,403 - root - d_loss: 2.2543857097625732
2025-06-18 21:19:47,403 - root - ===Generator1==================================
2025-06-18 21:19:47,404 - root - MD1: 2.8058748284820467e-05
2025-06-18 21:19:47,405 - root - FA1: 0.002242481568828225
2025-06-18 21:19:47,405 - root - MF_loss1: 0.005048356484621763
2025-06-18 21:19:47,406 - root - gc_loss1: 0.32550182938575745
2025-06-18 21:19:47,407 - root - gen_adv_loss1: 0.7265500426292419
2025-06-18 21:19:47,408 - root - gen1_loss: 8.095837593078613
2025-06-18 21:19:47,408 - root - ===Generator2=================================
2025-06-18 21:19:47,409 - root - MD2: 0.00035362178459763527
2025-06-18 21:19:47,409 - root - FA2: 4.892478955298429e-06
2025-06-18 21:19:47,410 - root - MF_loss2: 0.00035851425491273403
2025-06-18 21:19:47,410 - root - gc_loss2: 0.32550182938575745
2025-06-18 21:19:47,411 - root - gen_adv_loss2: 0.8014203310012817
2025-06-18 21:19:47,411 - root - gen2_loss: 8.375555992126465
2025-06-18 21:24:55,466 - root - ===============================================
2025-06-18 21:24:55,467 - root - Epoch: 6/30, Batch: 101/171
2025-06-18 21:24:55,468 - root - ===Discriminator===============================
2025-06-18 21:24:58,485 - root - d_loss: 2.2501368522644043
2025-06-18 21:24:58,486 - root - ===Generator1==================================
2025-06-18 21:24:58,488 - root - MD1: 6.103515625e-05
2025-06-18 21:24:58,489 - root - FA1: 0.00578675651922822
2025-06-18 21:24:58,490 - root - MF_loss1: 0.011890271678566933
2025-06-18 21:24:58,491 - root - gc_loss1: 0.3475881516933441
2025-06-18 21:24:58,492 - root - gen_adv_loss1: 0.7519174814224243
2025-06-18 21:24:58,493 - root - gen1_loss: 9.055789947509766
2025-06-18 21:24:58,494 - root - ===Generator2=================================
2025-06-18 21:24:58,495 - root - MD2: 6.103515625e-05
2025-06-18 21:24:58,496 - root - FA2: 7.877034659031779e-05
2025-06-18 21:24:58,497 - root - MF_loss2: 0.00013980550284031779
2025-06-18 21:24:58,498 - root - gc_loss2: 0.3475881516933441
2025-06-18 21:24:58,498 - root - gen_adv_loss2: 0.7808301448822021
2025-06-18 21:24:58,499 - root - gen2_loss: 8.169870376586914
2025-06-18 21:28:58,162 - root - Epoch 6 evaluation:
2025-06-18 21:28:58,163 - root - ==========g1 results ============================
2025-06-18 21:28:58,164 - root - ==========val_L2_loss is 0.001561
2025-06-18 21:28:58,164 - root - ==========falseAlarm_rate is 0.002737
2025-06-18 21:28:58,166 - root - ==========detection_rate is 0.400331
2025-06-18 21:28:58,166 - root - ==========F1 measure is 0.122589
2025-06-18 21:28:58,167 - root - ========== g2 results ============================
2025-06-18 21:28:58,168 - root - ==========val_L2_loss is 0.000574
2025-06-18 21:28:58,168 - root - ==========falseAlarm_rate is 0.001246
2025-06-18 21:28:58,170 - root - ==========detection_rate is 0.119062
2025-06-18 21:28:58,171 - root - ==========F1 measure is 0.103112
2025-06-18 21:28:58,171 - root - ========== g3 results ============================
2025-06-18 21:28:58,172 - root - ==========val_L2_loss is 0.000632
2025-06-18 21:28:58,172 - root - ==========falseAlarm_rate is 0.001991
2025-06-18 21:28:58,174 - root - ==========detection_rate is 0.259696
2025-06-18 21:28:58,174 - root - ==========F1 measure is 0.204252
2025-06-18 21:28:58,259 - root - ===============================================
2025-06-18 21:28:58,260 - root - Epoch: 7/30, Batch: 1/171
2025-06-18 21:28:58,260 - root - ===Discriminator===============================
2025-06-18 21:29:01,345 - root - d_loss: 2.314222574234009
2025-06-18 21:29:01,346 - root - ===Generator1==================================
2025-06-18 21:29:01,348 - root - MD1: 0.00010266280878568068
2025-06-18 21:29:01,349 - root - FA1: 0.0031625134870409966
2025-06-18 21:29:01,350 - root - MF_loss1: 0.013428794220089912
2025-06-18 21:29:01,351 - root - gc_loss1: 0.22329938411712646
2025-06-18 21:29:01,352 - root - gen_adv_loss1: 0.7485346794128418
2025-06-18 21:29:01,353 - root - gen1_loss: 9.051525115966797
2025-06-18 21:29:01,353 - root - ===Generator2=================================
2025-06-18 21:29:01,355 - root - MD2: 0.000523734837770462
2025-06-18 21:29:01,356 - root - FA2: 0.00012051021622028202
2025-06-18 21:29:01,356 - root - MF_loss2: 0.0006442450685426593
2025-06-18 21:29:01,357 - root - gc_loss2: 0.22329938411712646
2025-06-18 21:29:01,358 - root - gen_adv_loss2: 0.7472718954086304
2025-06-18 21:29:01,359 - root - gen2_loss: 7.760443210601807
2025-06-18 21:34:48,819 - root - ===============================================
2025-06-18 21:34:48,820 - root - Epoch: 7/30, Batch: 101/171
2025-06-18 21:34:48,821 - root - ===Discriminator===============================
2025-06-18 21:34:51,850 - root - d_loss: 2.271167039871216
2025-06-18 21:34:51,852 - root - ===Generator1==================================
2025-06-18 21:34:51,854 - root - MD1: 2.831176607287489e-05
2025-06-18 21:34:51,856 - root - FA1: 0.001147364266216755
2025-06-18 21:34:51,857 - root - MF_loss1: 0.003978541120886803
2025-06-18 21:34:51,859 - root - gc_loss1: 0.1735747754573822
2025-06-18 21:34:51,860 - root - gen_adv_loss1: 0.7882861495018005
2025-06-18 21:34:51,862 - root - gen1_loss: 8.454290390014648
2025-06-18 21:34:51,862 - root - ===Generator2=================================
2025-06-18 21:34:51,863 - root - MD2: 0.0006245848489925265
2025-06-18 21:34:51,864 - root - FA2: 4.266931864549406e-05
2025-06-18 21:34:51,865 - root - MF_loss2: 0.0006672541494481266
2025-06-18 21:34:51,866 - root - gc_loss2: 0.1735747754573822
2025-06-18 21:34:51,867 - root - gen_adv_loss2: 0.8117488622665405
2025-06-18 21:34:51,868 - root - gen2_loss: 8.357789039611816
2025-06-18 21:39:10,011 - root - Epoch 7 evaluation:
2025-06-18 21:39:10,011 - root - ==========g1 results ============================
2025-06-18 21:39:10,012 - root - ==========val_L2_loss is 0.000616
2025-06-18 21:39:10,012 - root - ==========falseAlarm_rate is 0.001245
2025-06-18 21:39:10,013 - root - ==========detection_rate is 0.327828
2025-06-18 21:39:10,013 - root - ==========F1 measure is 0.178521
2025-06-18 21:39:10,013 - root - ========== g2 results ============================
2025-06-18 21:39:10,014 - root - ==========val_L2_loss is 0.000254
2025-06-18 21:39:10,014 - root - ==========falseAlarm_rate is 0.001394
2025-06-18 21:39:10,015 - root - ==========detection_rate is 0.103527
2025-06-18 21:39:10,015 - root - ==========F1 measure is 0.119106
2025-06-18 21:39:10,015 - root - ========== g3 results ============================
2025-06-18 21:39:10,016 - root - ==========val_L2_loss is 0.000287
2025-06-18 21:39:10,016 - root - ==========falseAlarm_rate is 0.001319
2025-06-18 21:39:10,017 - root - ==========detection_rate is 0.215678
2025-06-18 21:39:10,017 - root - ==========F1 measure is 0.201706
2025-06-18 21:39:10,047 - root - ===============================================
2025-06-18 21:39:10,047 - root - Epoch: 8/30, Batch: 1/171
2025-06-18 21:39:10,047 - root - ===Discriminator===============================
2025-06-18 21:39:10,872 - root - d_loss: 2.286292314529419
2025-06-18 21:39:10,873 - root - ===Generator1==================================
2025-06-18 21:39:10,873 - root - MD1: 3.9754333158725785e-08
2025-06-18 21:39:10,874 - root - FA1: 0.0014334841398522258
2025-06-18 21:39:10,874 - root - MF_loss1: 0.0014374596066772938
2025-06-18 21:39:10,874 - root - gc_loss1: 0.18610218167304993
2025-06-18 21:39:10,875 - root - gen_adv_loss1: 0.7865979075431824
2025-06-18 21:39:10,875 - root - gen1_loss: 8.19582748413086
2025-06-18 21:39:10,875 - root - ===Generator2=================================
2025-06-18 21:39:10,876 - root - MD2: 7.445408118655905e-05
2025-06-18 21:39:10,876 - root - FA2: 9.508137736702338e-05
2025-06-18 21:39:10,876 - root - MF_loss2: 0.00016953545855358243
2025-06-18 21:39:10,877 - root - gc_loss2: 0.18610218167304993
2025-06-18 21:39:10,877 - root - gen_adv_loss2: 0.8042539954185486
2025-06-18 21:39:10,877 - root - gen2_loss: 8.24559497833252
2025-06-18 21:47:06,061 - root - ===============================================
2025-06-18 21:47:06,062 - root - Epoch: 8/30, Batch: 101/171
2025-06-18 21:47:06,062 - root - ===Discriminator===============================
2025-06-18 21:47:09,016 - root - d_loss: 2.281466007232666
2025-06-18 21:47:09,016 - root - ===Generator1==================================
2025-06-18 21:47:09,017 - root - MD1: 7.0843207140569575e-06
2025-06-18 21:47:09,017 - root - FA1: 0.0008621994056738913
2025-06-18 21:47:09,017 - root - MF_loss1: 0.001570631517097354
2025-06-18 21:47:09,018 - root - gc_loss1: 0.2063964307308197
2025-06-18 21:47:09,018 - root - gen_adv_loss1: 0.7882477641105652
2025-06-18 21:47:09,018 - root - gen1_loss: 8.24593734741211
2025-06-18 21:47:09,019 - root - ===Generator2=================================
2025-06-18 21:47:09,019 - root - MD2: 0.0004752734093926847
2025-06-18 21:47:09,019 - root - FA2: 7.008924148976803e-05
2025-06-18 21:47:09,019 - root - MF_loss2: 0.0005453626508824527
2025-06-18 21:47:09,020 - root - gc_loss2: 0.2063964307308197
2025-06-18 21:47:09,020 - root - gen_adv_loss2: 0.7898367643356323
2025-06-18 21:47:09,020 - root - gen2_loss: 8.159300804138184
2025-06-18 21:50:55,767 - root - Epoch 8 evaluation:
2025-06-18 21:50:55,767 - root - ==========g1 results ============================
2025-06-18 21:50:55,768 - root - ==========val_L2_loss is 0.003604
2025-06-18 21:50:55,768 - root - ==========falseAlarm_rate is 0.006938
2025-06-18 21:50:55,768 - root - ==========detection_rate is 0.366274
2025-06-18 21:50:55,769 - root - ==========F1 measure is 0.092096
2025-06-18 21:50:55,769 - root - ========== g2 results ============================
2025-06-18 21:50:55,769 - root - ==========val_L2_loss is 0.000700
2025-06-18 21:50:55,770 - root - ==========falseAlarm_rate is 0.001295
2025-06-18 21:50:55,770 - root - ==========detection_rate is 0.219248
2025-06-18 21:50:55,770 - root - ==========F1 measure is 0.162808
2025-06-18 21:50:55,771 - root - ========== g3 results ============================
2025-06-18 21:50:55,771 - root - ==========val_L2_loss is 0.001462
2025-06-18 21:50:55,771 - root - ==========falseAlarm_rate is 0.004116
2025-06-18 21:50:55,772 - root - ==========detection_rate is 0.292761
2025-06-18 21:50:55,772 - root - ==========F1 measure is 0.168964
2025-06-18 21:50:55,806 - root - ===============================================
2025-06-18 21:50:55,807 - root - Epoch: 9/30, Batch: 1/171
2025-06-18 21:50:55,807 - root - ===Discriminator===============================
2025-06-18 21:50:58,790 - root - d_loss: 2.298513889312744
2025-06-18 21:50:58,790 - root - ===Generator1==================================
2025-06-18 21:50:58,791 - root - MD1: 4.881851054960862e-05
2025-06-18 21:50:58,791 - root - FA1: 0.0011842548847198486
2025-06-18 21:50:58,792 - root - MF_loss1: 0.006066105794161558
2025-06-18 21:50:58,792 - root - gc_loss1: 0.1549624353647232
2025-06-18 21:50:58,793 - root - gen_adv_loss1: 0.756746768951416
2025-06-18 21:50:58,793 - root - gen1_loss: 8.32904052734375
2025-06-18 21:50:58,793 - root - ===Generator2=================================
2025-06-18 21:50:58,794 - root - MD2: 9.501432941760868e-05
2025-06-18 21:50:58,794 - root - FA2: 8.037061343202367e-05
2025-06-18 21:50:58,794 - root - MF_loss2: 0.00017538495012558997
2025-06-18 21:50:58,795 - root - gc_loss2: 0.1549624353647232
2025-06-18 21:50:58,795 - root - gen_adv_loss2: 0.7951287031173706
2025-06-18 21:50:58,795 - root - gen2_loss: 8.123787879943848
2025-06-18 21:59:49,782 - root - ===============================================
2025-06-18 21:59:49,782 - root - Epoch: 9/30, Batch: 101/171
2025-06-18 21:59:49,783 - root - ===Discriminator===============================
2025-06-18 21:59:52,742 - root - d_loss: 2.2612826824188232
2025-06-18 21:59:52,742 - root - ===Generator1==================================
2025-06-18 21:59:52,743 - root - MD1: 2.2887599698151462e-05
2025-06-18 21:59:52,743 - root - FA1: 0.0006057301652617753
2025-06-18 21:59:52,744 - root - MF_loss1: 0.0028944900259375572
2025-06-18 21:59:52,744 - root - gc_loss1: 0.3440483808517456
2025-06-18 21:59:52,744 - root - gen_adv_loss1: 0.7661148905754089
2025-06-18 21:59:52,745 - root - gen1_loss: 8.294646263122559
2025-06-18 21:59:52,745 - root - ===Generator2=================================
2025-06-18 21:59:52,745 - root - MD2: 0.00017547607421875
2025-06-18 21:59:52,746 - root - FA2: 8.315042578033172e-06
2025-06-18 21:59:52,746 - root - MF_loss2: 0.00018379111133981496
2025-06-18 21:59:52,746 - root - gc_loss2: 0.3440483808517456
2025-06-18 21:59:52,746 - root - gen_adv_loss2: 0.7933057546615601
2025-06-18 21:59:52,747 - root - gen2_loss: 8.295485496520996
2025-06-18 22:07:00,279 - root - Epoch 9 evaluation:
2025-06-18 22:07:00,279 - root - ==========g1 results ============================
2025-06-18 22:07:00,280 - root - ==========val_L2_loss is 0.002556
2025-06-18 22:07:00,280 - root - ==========falseAlarm_rate is 0.005316
2025-06-18 22:07:00,280 - root - ==========detection_rate is 0.408230
2025-06-18 22:07:00,281 - root - ==========F1 measure is 0.090204
2025-06-18 22:07:00,281 - root - ========== g2 results ============================
2025-06-18 22:07:00,281 - root - ==========val_L2_loss is 0.000681
2025-06-18 22:07:00,281 - root - ==========falseAlarm_rate is 0.002018
2025-06-18 22:07:00,282 - root - ==========detection_rate is 0.233456
2025-06-18 22:07:00,282 - root - ==========F1 measure is 0.190737
2025-06-18 22:07:00,283 - root - ========== g3 results ============================
2025-06-18 22:07:00,283 - root - ==========val_L2_loss is 0.001092
2025-06-18 22:07:00,283 - root - ==========falseAlarm_rate is 0.003667
2025-06-18 22:07:00,284 - root - ==========detection_rate is 0.320843
2025-06-18 22:07:00,284 - root - ==========F1 measure is 0.184212
2025-06-18 22:07:00,317 - root - ===============================================
2025-06-18 22:07:00,317 - root - Epoch: 10/30, Batch: 1/171
2025-06-18 22:07:00,317 - root - ===Discriminator===============================
2025-06-18 22:07:01,048 - root - d_loss: 2.310331344604492
2025-06-18 22:07:01,048 - root - ===Generator1==================================
2025-06-18 22:07:01,049 - root - MD1: 5.607763341686223e-06
2025-06-18 22:07:01,049 - root - FA1: 0.002812750870361924
2025-06-18 22:07:01,050 - root - MF_loss1: 0.0033735272008925676
2025-06-18 22:07:01,050 - root - gc_loss1: 0.1947871595621109
2025-06-18 22:07:01,050 - root - gen_adv_loss1: 0.7639364004135132
2025-06-18 22:07:01,051 - root - gen1_loss: 8.171504020690918
2025-06-18 22:07:01,051 - root - ===Generator2=================================
2025-06-18 22:07:01,051 - root - MD2: 0.00012412107025738806
2025-06-18 22:07:01,052 - root - FA2: 0.0005124156596139073
2025-06-18 22:07:01,052 - root - MF_loss2: 0.0006365367444232106
2025-06-18 22:07:01,052 - root - gc_loss2: 0.1947871595621109
2025-06-18 22:07:01,052 - root - gen_adv_loss2: 0.7604710459709167
2025-06-18 22:07:01,053 - root - gen2_loss: 7.8631510734558105
