2025-06-21 02:28:37,391 - root - Preparing dataset...
2025-06-21 02:28:37,392 - root - Start training...
2025-06-21 02:28:38,368 - root - ===============================================
2025-06-21 02:28:38,368 - root - Epoch: 1/30, Batch: 1/171
2025-06-21 02:28:38,369 - root - ===Discriminator===============================
2025-06-21 02:28:38,447 - root - d_loss: 2.26653790473938
2025-06-21 02:28:38,447 - root - ===Generator1==================================
2025-06-21 02:28:38,447 - root - MD1: 8.267075463663787e-05
2025-06-21 02:28:38,448 - root - FA1: 0.15446525812149048
2025-06-21 02:28:38,458 - root - MF_loss1: 0.16273233294487
2025-06-21 02:28:38,458 - root - gc_loss1: 0.6770896315574646
2025-06-21 02:28:38,458 - root - gen_adv_loss1: 0.7760455012321472
2025-06-21 02:28:38,459 - root - gen1_loss: 24.710777282714844
2025-06-21 02:28:38,459 - root - ===Generator2=================================
2025-06-21 02:28:38,459 - root - MD2: 6.516030407510698e-05
2025-06-21 02:28:38,459 - root - FA2: 0.1336115151643753
2025-06-21 02:28:38,460 - root - MF_loss2: 0.133676677942276
2025-06-21 02:28:38,460 - root - gc_loss2: 0.6770896315574646
2025-06-21 02:28:38,460 - root - gen_adv_loss2: 0.7582144141197205
2025-06-21 02:28:38,460 - root - gen2_loss: 21.626901626586914
2025-06-21 02:34:44,059 - root - ===============================================
2025-06-21 02:34:44,060 - root - Epoch: 1/30, Batch: 101/171
2025-06-21 02:34:44,060 - root - ===Discriminator===============================
2025-06-21 02:34:48,555 - root - d_loss: 2.2978971004486084
2025-06-21 02:34:48,555 - root - ===Generator1==================================
2025-06-21 02:34:48,556 - root - MD1: 0.00030365982092916965
2025-06-21 02:34:48,556 - root - FA1: 0.004919895436614752
2025-06-21 02:34:48,556 - root - MF_loss1: 0.03528587520122528
2025-06-21 02:34:48,557 - root - gc_loss1: 0.05767134577035904
2025-06-21 02:34:48,557 - root - gen_adv_loss1: 0.7298444509506226
2025-06-21 02:34:48,557 - root - gen1_loss: 10.884703636169434
2025-06-21 02:34:48,557 - root - ===Generator2=================================
2025-06-21 02:34:48,557 - root - MD2: 0.00045551537186838686
2025-06-21 02:34:48,558 - root - FA2: 0.000518746324814856
2025-06-21 02:34:48,558 - root - MF_loss2: 0.0009742616675794125
2025-06-21 02:34:48,558 - root - gc_loss2: 0.05767134577035904
2025-06-21 02:34:48,558 - root - gen_adv_loss2: 0.7235614657402039
2025-06-21 02:34:48,558 - root - gen2_loss: 7.390712261199951
2025-06-21 02:39:26,266 - root - Epoch 1 evaluation:
2025-06-21 02:39:26,267 - root - ==========g1 results ============================
2025-06-21 02:39:26,267 - root - ==========val_L2_loss is 0.087785
2025-06-21 02:39:26,267 - root - ==========falseAlarm_rate is 0.098193
2025-06-21 02:39:26,268 - root - ==========detection_rate is 0.368675
2025-06-21 02:39:26,268 - root - ==========F1 measure is 0.027014
2025-06-21 02:39:26,268 - root - ========== g2 results ============================
2025-06-21 02:39:26,268 - root - ==========val_L2_loss is 0.000326
2025-06-21 02:39:26,268 - root - ==========falseAlarm_rate is 0.000673
2025-06-21 02:39:26,269 - root - ==========detection_rate is 0.017215
2025-06-21 02:39:26,269 - root - ==========F1 measure is 0.000565
2025-06-21 02:39:26,269 - root - ========== g3 results ============================
2025-06-21 02:39:26,270 - root - ==========val_L2_loss is 0.022117
2025-06-21 02:39:26,270 - root - ==========falseAlarm_rate is 0.049433
2025-06-21 02:39:26,270 - root - ==========detection_rate is 0.192945
2025-06-21 02:39:26,270 - root - ==========F1 measure is 0.081775
2025-06-21 02:39:26,295 - root - ===============================================
2025-06-21 02:39:26,296 - root - Epoch: 2/30, Batch: 1/171
2025-06-21 02:39:26,296 - root - ===Discriminator===============================
2025-06-21 02:39:27,074 - root - d_loss: 2.3055262565612793
2025-06-21 02:39:27,075 - root - ===Generator1==================================
2025-06-21 02:39:27,075 - root - MD1: 3.800378635787638e-06
2025-06-21 02:39:27,076 - root - FA1: 0.013876037672162056
2025-06-21 02:39:27,076 - root - MF_loss1: 0.014256075955927372
2025-06-21 02:39:27,076 - root - gc_loss1: 0.5209363698959351
2025-06-21 02:39:27,077 - root - gen_adv_loss1: 0.739173412322998
2025-06-21 02:39:27,077 - root - gen1_loss: 9.338277816772461
2025-06-21 02:39:27,077 - root - ===Generator2=================================
2025-06-21 02:39:27,077 - root - MD2: 0.000540674664080143
2025-06-21 02:39:27,078 - root - FA2: 0.0006459446158260107
2025-06-21 02:39:27,078 - root - MF_loss2: 0.0011866192799061537
2025-06-21 02:39:27,078 - root - gc_loss2: 0.5209363698959351
2025-06-21 02:39:27,078 - root - gen_adv_loss2: 0.7514178156852722
2025-06-21 02:39:27,078 - root - gen2_loss: 8.153776168823242
2025-06-21 02:44:21,790 - root - ===============================================
2025-06-21 02:44:21,790 - root - Epoch: 2/30, Batch: 101/171
2025-06-21 02:44:21,791 - root - ===Discriminator===============================
2025-06-21 02:44:24,746 - root - d_loss: 2.2492077350616455
2025-06-21 02:44:24,747 - root - ===Generator1==================================
2025-06-21 02:44:24,747 - root - MD1: 8.409654401475564e-05
2025-06-21 02:44:24,748 - root - FA1: 0.003542773425579071
2025-06-21 02:44:24,748 - root - MF_loss1: 0.01195242814719677
2025-06-21 02:44:24,748 - root - gc_loss1: 0.22311490774154663
2025-06-21 02:44:24,749 - root - gen_adv_loss1: 0.7554047107696533
2025-06-21 02:44:24,749 - root - gen1_loss: 8.972404479980469
2025-06-21 02:44:24,749 - root - ===Generator2=================================
2025-06-21 02:44:24,749 - root - MD2: 0.0001373291015625
2025-06-21 02:44:24,750 - root - FA2: 6.34487241768511e-06
2025-06-21 02:44:24,750 - root - MF_loss2: 0.0001436739694327116
2025-06-21 02:44:24,750 - root - gc_loss2: 0.22311490774154663
2025-06-21 02:44:24,750 - root - gen_adv_loss2: 0.7530783414840698
2025-06-21 02:44:24,751 - root - gen2_loss: 7.768266201019287
2025-06-21 02:48:11,163 - root - Epoch 2 evaluation:
2025-06-21 02:48:11,163 - root - ==========g1 results ============================
2025-06-21 02:48:11,163 - root - ==========val_L2_loss is 0.001892
2025-06-21 02:48:11,164 - root - ==========falseAlarm_rate is 0.005373
2025-06-21 02:48:11,164 - root - ==========detection_rate is 0.334460
2025-06-21 02:48:11,164 - root - ==========F1 measure is 0.126085
2025-06-21 02:48:11,164 - root - ========== g2 results ============================
2025-06-21 02:48:11,165 - root - ==========val_L2_loss is 0.000249
2025-06-21 02:48:11,165 - root - ==========falseAlarm_rate is 0.000517
2025-06-21 02:48:11,165 - root - ==========detection_rate is 0.029512
2025-06-21 02:48:11,165 - root - ==========F1 measure is 0.005575
2025-06-21 02:48:11,165 - root - ========== g3 results ============================
2025-06-21 02:48:11,165 - root - ==========val_L2_loss is 0.000591
2025-06-21 02:48:11,165 - root - ==========falseAlarm_rate is 0.002945
2025-06-21 02:48:11,166 - root - ==========detection_rate is 0.181986
2025-06-21 02:48:11,166 - root - ==========F1 measure is 0.185402
2025-06-21 02:48:11,192 - root - ===============================================
2025-06-21 02:48:11,193 - root - Epoch: 3/30, Batch: 1/171
2025-06-21 02:48:11,193 - root - ===Discriminator===============================
2025-06-21 02:48:14,180 - root - d_loss: 2.270289897918701
2025-06-21 02:48:14,181 - root - ===Generator1==================================
2025-06-21 02:48:14,181 - root - MD1: 6.051090167602524e-05
2025-06-21 02:48:14,181 - root - FA1: 0.010864906013011932
2025-06-21 02:48:14,182 - root - MF_loss1: 0.016915995627641678
2025-06-21 02:48:14,182 - root - gc_loss1: 0.5128456950187683
2025-06-21 02:48:14,182 - root - gen_adv_loss1: 0.7616887092590332
2025-06-21 02:48:14,183 - root - gen1_loss: 9.821332931518555
2025-06-21 02:48:14,183 - root - ===Generator2=================================
2025-06-21 02:48:14,183 - root - MD2: 0.0001220703125
2025-06-21 02:48:14,183 - root - FA2: 0.0010683826403692365
2025-06-21 02:48:14,184 - root - MF_loss2: 0.0011904529528692365
2025-06-21 02:48:14,184 - root - gc_loss2: 0.5128456950187683
2025-06-21 02:48:14,184 - root - gen_adv_loss2: 0.7400978803634644
2025-06-21 02:48:14,184 - root - gen2_loss: 8.032870292663574
2025-06-21 02:53:49,169 - root - ===============================================
2025-06-21 02:53:49,169 - root - Epoch: 3/30, Batch: 101/171
2025-06-21 02:53:49,170 - root - ===Discriminator===============================
2025-06-21 02:53:52,117 - root - d_loss: 2.283252716064453
2025-06-21 02:53:52,118 - root - ===Generator1==================================
2025-06-21 02:53:52,118 - root - MD1: 8.102579886326566e-05
2025-06-21 02:53:52,119 - root - FA1: 0.001571887289173901
2025-06-21 02:53:52,119 - root - MF_loss1: 0.009674467146396637
2025-06-21 02:53:52,119 - root - gc_loss1: 0.3136666417121887
2025-06-21 02:53:52,119 - root - gen_adv_loss1: 0.7287663817405701
2025-06-21 02:53:52,119 - root - gen1_loss: 8.568777084350586
2025-06-21 02:53:52,120 - root - ===Generator2=================================
2025-06-21 02:53:52,120 - root - MD2: 0.00037770767812617123
2025-06-21 02:53:52,120 - root - FA2: 5.0937742344103754e-05
2025-06-21 02:53:52,120 - root - MF_loss2: 0.00042864540591835976
2025-06-21 02:53:52,120 - root - gc_loss2: 0.3136666417121887
2025-06-21 02:53:52,121 - root - gen_adv_loss2: 0.7667258977890015
2025-06-21 02:53:52,121 - root - gen2_loss: 8.02379035949707
2025-06-21 02:58:04,316 - root - Epoch 3 evaluation:
2025-06-21 02:58:04,316 - root - ==========g1 results ============================
2025-06-21 02:58:04,316 - root - ==========val_L2_loss is 0.000937
2025-06-21 02:58:04,316 - root - ==========falseAlarm_rate is 0.001810
2025-06-21 02:58:04,317 - root - ==========detection_rate is 0.322179
2025-06-21 02:58:04,317 - root - ==========F1 measure is 0.153821
2025-06-21 02:58:04,317 - root - ========== g2 results ============================
2025-06-21 02:58:04,317 - root - ==========val_L2_loss is 0.000245
2025-06-21 02:58:04,318 - root - ==========falseAlarm_rate is 0.000117
2025-06-21 02:58:04,318 - root - ==========detection_rate is 0.017698
2025-06-21 02:58:04,318 - root - ==========F1 measure is 0.001202
2025-06-21 02:58:04,319 - root - ========== g3 results ============================
2025-06-21 02:58:04,319 - root - ==========val_L2_loss is 0.000331
2025-06-21 02:58:04,319 - root - ==========falseAlarm_rate is 0.000963
2025-06-21 02:58:04,319 - root - ==========detection_rate is 0.169938
2025-06-21 02:58:04,319 - root - ==========F1 measure is 0.166674
2025-06-21 02:58:04,346 - root - ===============================================
2025-06-21 02:58:04,346 - root - Epoch: 4/30, Batch: 1/171
2025-06-21 02:58:04,346 - root - ===Discriminator===============================
2025-06-21 02:58:05,122 - root - d_loss: 2.301468849182129
2025-06-21 02:58:05,122 - root - ===Generator1==================================
2025-06-21 02:58:05,123 - root - MD1: 2.8957434551557526e-05
2025-06-21 02:58:05,123 - root - FA1: 0.0020934774074703455
2025-06-21 02:58:05,123 - root - MF_loss1: 0.0049892207607626915
2025-06-21 02:58:05,124 - root - gc_loss1: 0.2864254117012024
2025-06-21 02:58:05,124 - root - gen_adv_loss1: 0.7539385557174683
2025-06-21 02:58:05,124 - root - gen1_loss: 8.32473373413086
2025-06-21 02:58:05,124 - root - ===Generator2=================================
2025-06-21 02:58:05,124 - root - MD2: 0.00019799337314907461
2025-06-21 02:58:05,125 - root - FA2: 1.9753966626012698e-05
2025-06-21 02:58:05,125 - root - MF_loss2: 0.0002177473361371085
2025-06-21 02:58:05,125 - root - gc_loss2: 0.2864254117012024
2025-06-21 02:58:05,125 - root - gen_adv_loss2: 0.7749742269515991
2025-06-21 02:58:05,125 - root - gen2_loss: 8.057942390441895
2025-06-21 03:02:59,861 - root - ===============================================
2025-06-21 03:02:59,862 - root - Epoch: 4/30, Batch: 101/171
2025-06-21 03:02:59,862 - root - ===Discriminator===============================
2025-06-21 03:03:02,815 - root - d_loss: 2.2349250316619873
2025-06-21 03:03:02,815 - root - ===Generator1==================================
2025-06-21 03:03:02,816 - root - MD1: 0.0006853744853287935
2025-06-21 03:03:02,816 - root - FA1: 0.004144917707890272
2025-06-21 03:03:02,816 - root - MF_loss1: 0.07268236577510834
2025-06-21 03:03:02,817 - root - gc_loss1: 0.42236101627349854
2025-06-21 03:03:02,817 - root - gen_adv_loss1: 0.7733027338981628
2025-06-21 03:03:02,817 - root - gen1_loss: 15.423625946044922
2025-06-21 03:03:02,817 - root - ===Generator2=================================
2025-06-21 03:03:02,817 - root - MD2: 0.00212860107421875
2025-06-21 03:03:02,818 - root - FA2: 5.786633209936554e-06
2025-06-21 03:03:02,818 - root - MF_loss2: 0.0021343876142054796
2025-06-21 03:03:02,818 - root - gc_loss2: 0.42236101627349854
2025-06-21 03:03:02,818 - root - gen_adv_loss2: 0.7603598833084106
2025-06-21 03:03:02,818 - root - gen2_loss: 8.239398956298828
2025-06-21 03:06:49,099 - root - Epoch 4 evaluation:
2025-06-21 03:06:49,100 - root - ==========g1 results ============================
2025-06-21 03:06:49,100 - root - ==========val_L2_loss is 0.002209
2025-06-21 03:06:49,100 - root - ==========falseAlarm_rate is 0.005928
2025-06-21 03:06:49,101 - root - ==========detection_rate is 0.332798
2025-06-21 03:06:49,101 - root - ==========F1 measure is 0.121051
2025-06-21 03:06:49,101 - root - ========== g2 results ============================
2025-06-21 03:06:49,101 - root - ==========val_L2_loss is 0.001003
2025-06-21 03:06:49,101 - root - ==========falseAlarm_rate is 0.002698
2025-06-21 03:06:49,102 - root - ==========detection_rate is 0.059633
2025-06-21 03:06:49,102 - root - ==========F1 measure is 0.038089
2025-06-21 03:06:49,102 - root - ========== g3 results ============================
2025-06-21 03:06:49,102 - root - ==========val_L2_loss is 0.000917
2025-06-21 03:06:49,102 - root - ==========falseAlarm_rate is 0.004313
2025-06-21 03:06:49,102 - root - ==========detection_rate is 0.196216
2025-06-21 03:06:49,102 - root - ==========F1 measure is 0.157182
2025-06-21 03:06:49,128 - root - ===============================================
2025-06-21 03:06:49,129 - root - Epoch: 5/30, Batch: 1/171
2025-06-21 03:06:49,129 - root - ===Discriminator===============================
2025-06-21 03:06:52,118 - root - d_loss: 2.2581067085266113
2025-06-21 03:06:52,118 - root - ===Generator1==================================
2025-06-21 03:06:52,119 - root - MD1: 1.2803281606466044e-05
2025-06-21 03:06:52,119 - root - FA1: 0.0010821557370945811
2025-06-21 03:06:52,120 - root - MF_loss1: 0.0023624838795512915
2025-06-21 03:06:52,120 - root - gc_loss1: 0.44273510575294495
2025-06-21 03:06:52,120 - root - gen_adv_loss1: 0.7443112134933472
2025-06-21 03:06:52,120 - root - gen1_loss: 8.122096061706543
2025-06-21 03:06:52,120 - root - ===Generator2=================================
2025-06-21 03:06:52,120 - root - MD2: 0.0004299544380046427
2025-06-21 03:06:52,121 - root - FA2: 0.00032773317070677876
2025-06-21 03:06:52,121 - root - MF_loss2: 0.0007576876087114215
2025-06-21 03:06:52,121 - root - gc_loss2: 0.44273510575294495
2025-06-21 03:06:52,121 - root - gen_adv_loss2: 0.7379659414291382
2025-06-21 03:06:52,121 - root - gen2_loss: 7.898163795471191
2025-06-21 03:12:26,926 - root - ===============================================
2025-06-21 03:12:26,927 - root - Epoch: 5/30, Batch: 101/171
2025-06-21 03:12:26,927 - root - ===Discriminator===============================
2025-06-21 03:12:29,883 - root - d_loss: 2.2850635051727295
2025-06-21 03:12:29,884 - root - ===Generator1==================================
2025-06-21 03:12:29,884 - root - MD1: 3.565113365766592e-05
2025-06-21 03:12:29,884 - root - FA1: 0.005336799193173647
2025-06-21 03:12:29,885 - root - MF_loss1: 0.008901912719011307
2025-06-21 03:12:29,885 - root - gc_loss1: 0.391590416431427
2025-06-21 03:12:29,885 - root - gen_adv_loss1: 0.7514233589172363
2025-06-21 03:12:29,885 - root - gen1_loss: 8.796014785766602
2025-06-21 03:12:29,886 - root - ===Generator2=================================
2025-06-21 03:12:29,886 - root - MD2: 0.0001220703125
2025-06-21 03:12:29,886 - root - FA2: 1.789259840734303e-05
2025-06-21 03:12:29,886 - root - MF_loss2: 0.00013996291090734303
2025-06-21 03:12:29,887 - root - gc_loss2: 0.391590416431427
2025-06-21 03:12:29,887 - root - gen_adv_loss2: 0.77165287733078
2025-06-21 03:12:29,887 - root - gen2_loss: 8.122115135192871
