2025-06-18 15:22:55,457 - root - Preparing dataset...
2025-06-18 15:22:55,470 - root - Start training...
2025-06-18 15:22:56,636 - root - ===============================================
2025-06-18 15:22:56,636 - root - Epoch: 1/30, Batch: 1/171
2025-06-18 15:22:56,637 - root - ===Discriminator===============================
2025-06-18 15:22:56,718 - root - d_loss: 2.314112663269043
2025-06-18 15:22:56,719 - root - ===Generator1==================================
2025-06-18 15:22:56,719 - root - MD1: 9.46721265790984e-05
2025-06-18 15:22:56,720 - root - FA1: 0.10267044603824615
2025-06-18 15:22:56,731 - root - MF_loss1: 0.11213766038417816
2025-06-18 15:22:56,731 - root - gc_loss1: 0.7185253500938416
2025-06-18 15:22:56,732 - root - gen_adv_loss1: 0.7309178113937378
2025-06-18 15:22:56,733 - root - gen1_loss: 19.241470336914062
2025-06-18 15:22:56,733 - root - ===Generator2=================================
2025-06-18 15:22:56,733 - root - MD2: 6.687718268949538e-05
2025-06-18 15:22:56,734 - root - FA2: 0.08294576406478882
2025-06-18 15:22:56,734 - root - MF_loss2: 0.0830126404762268
2025-06-18 15:22:56,735 - root - gc_loss2: 0.7185253500938416
2025-06-18 15:22:56,735 - root - gen_adv_loss2: 0.7270264625549316
2025-06-18 15:22:56,735 - root - gen2_loss: 16.290054321289062
2025-06-18 15:29:01,902 - root - ===============================================
2025-06-18 15:29:01,903 - root - Epoch: 1/30, Batch: 101/171
2025-06-18 15:29:01,903 - root - ===Discriminator===============================
2025-06-18 15:29:06,403 - root - d_loss: 2.29091477394104
2025-06-18 15:29:06,403 - root - ===Generator1==================================
2025-06-18 15:29:06,404 - root - MD1: 0.00013225233124103397
2025-06-18 15:29:06,404 - root - FA1: 0.013140828348696232
2025-06-18 15:29:06,404 - root - MF_loss1: 0.026366062462329865
2025-06-18 15:29:06,405 - root - gc_loss1: 0.2937721908092499
2025-06-18 15:29:06,405 - root - gen_adv_loss1: 0.7353295087814331
2025-06-18 15:29:06,405 - root - gen1_loss: 10.283673286437988
2025-06-18 15:29:06,405 - root - ===Generator2=================================
2025-06-18 15:29:06,406 - root - MD2: 0.000152587890625
2025-06-18 15:29:06,406 - root - FA2: 9.598627315199337e-08
2025-06-18 15:29:06,406 - root - MF_loss2: 0.0001526838750578463
2025-06-18 15:29:06,406 - root - gc_loss2: 0.2937721908092499
2025-06-18 15:29:06,406 - root - gen_adv_loss2: 0.7459977865219116
2025-06-18 15:29:06,407 - root - gen2_loss: 7.769018650054932
