2025-06-21 01:59:52,975 - root - Preparing dataset...
2025-06-21 01:59:52,976 - root - Start training...
2025-06-21 01:59:53,973 - root - ===============================================
2025-06-21 01:59:53,973 - root - Epoch: 1/10, Batch: 1/171
2025-06-21 01:59:53,974 - root - ===Discriminator===============================
2025-06-21 01:59:54,055 - root - d_loss: 2.2571496963500977
2025-06-21 01:59:54,055 - root - ===Generator1==================================
2025-06-21 01:59:54,055 - root - MD1: 0.0002337814075872302
2025-06-21 01:59:54,056 - root - FA1: 0.05620430037379265
2025-06-21 01:59:54,057 - root - MF_loss1: 0.07958243787288666
2025-06-21 01:59:54,057 - root - gc_loss1: 0.35026705265045166
2025-06-21 01:59:54,057 - root - gen_adv_loss1: 0.7852077484130859
2025-06-21 01:59:54,058 - root - gen1_loss: 16.16058921813965
2025-06-21 01:59:54,058 - root - ===Generator2=================================
2025-06-21 01:59:54,058 - root - MD2: 0.00033045883174054325
2025-06-21 01:59:54,058 - root - FA2: 0.00904865562915802
2025-06-21 01:59:54,058 - root - MF_loss2: 0.009379114024341106
2025-06-21 01:59:54,058 - root - gc_loss2: 0.35026705265045166
2025-06-21 01:59:54,058 - root - gen_adv_loss2: 0.7798094749450684
2025-06-21 01:59:54,059 - root - gen2_loss: 9.086273193359375
2025-06-21 02:05:59,162 - root - ===============================================
2025-06-21 02:05:59,162 - root - Epoch: 1/10, Batch: 101/171
2025-06-21 02:05:59,163 - root - ===Discriminator===============================
2025-06-21 02:06:03,663 - root - d_loss: 2.270991802215576
2025-06-21 02:06:03,663 - root - ===Generator1==================================
2025-06-21 02:06:03,664 - root - MD1: 0.0002865556161850691
2025-06-21 02:06:03,664 - root - FA1: 0.004307561554014683
2025-06-21 02:06:03,665 - root - MF_loss1: 0.03296312317252159
2025-06-21 02:06:03,665 - root - gc_loss1: 0.10713989287614822
2025-06-21 02:06:03,665 - root - gen_adv_loss1: 0.7612370252609253
2025-06-21 02:06:03,666 - root - gen1_loss: 11.015822410583496
2025-06-21 02:06:03,666 - root - ===Generator2=================================
2025-06-21 02:06:03,666 - root - MD2: 0.0003509521484375
2025-06-21 02:06:03,666 - root - FA2: 0.0
2025-06-21 02:06:03,667 - root - MF_loss2: 0.0003509521484375
2025-06-21 02:06:03,667 - root - gc_loss2: 0.10713989287614822
2025-06-21 02:06:03,667 - root - gen_adv_loss2: 0.7656233310699463
2025-06-21 02:06:03,667 - root - gen2_loss: 7.798468589782715
2025-06-21 02:10:42,237 - root - Epoch 1 evaluation:
2025-06-21 02:10:42,238 - root - ==========g1 results ============================
2025-06-21 02:10:42,238 - root - ==========val_L2_loss is 0.001954
2025-06-21 02:10:42,238 - root - ==========falseAlarm_rate is 0.005054
2025-06-21 02:10:42,239 - root - ==========detection_rate is 0.264616
2025-06-21 02:10:42,239 - root - ==========F1 measure is 0.103536
2025-06-21 02:10:42,239 - root - ========== g2 results ============================
2025-06-21 02:10:42,240 - root - ==========val_L2_loss is 0.000253
2025-06-21 02:10:42,240 - root - ==========falseAlarm_rate is 0.000003
2025-06-21 02:10:42,240 - root - ==========detection_rate is 0.000006
2025-06-21 02:10:42,241 - root - ==========F1 measure is 0.000000
2025-06-21 02:10:42,241 - root - ========== g3 results ============================
2025-06-21 02:10:42,241 - root - ==========val_L2_loss is 0.000597
2025-06-21 02:10:42,241 - root - ==========falseAlarm_rate is 0.002528
2025-06-21 02:10:42,242 - root - ==========detection_rate is 0.132311
2025-06-21 02:10:42,242 - root - ==========F1 measure is 0.000750
