2025-06-18 16:37:46,781 - root - Preparing dataset...
2025-06-18 16:37:46,783 - root - Start training...
2025-06-18 16:37:47,729 - root - ===============================================
2025-06-18 16:37:47,729 - root - Epoch: 1/30, Batch: 1/171
2025-06-18 16:37:47,730 - root - ===Discriminator===============================
2025-06-18 16:37:47,809 - root - d_loss: 2.3151540756225586
2025-06-18 16:37:47,810 - root - ===Generator1==================================
2025-06-18 16:37:47,810 - root - MD1: 0.0004915058379992843
2025-06-18 16:37:47,811 - root - FA1: 0.2558959722518921
2025-06-18 16:37:47,813 - root - MF_loss1: 0.30504655838012695
2025-06-18 16:37:47,813 - root - gc_loss1: 0.35277876257896423
2025-06-18 16:37:47,813 - root - gen_adv_loss1: 0.7432047128677368
2025-06-18 16:37:47,814 - root - gen1_loss: 38.28948211669922
2025-06-18 16:37:47,814 - root - ===Generator2=================================
2025-06-18 16:37:47,814 - root - MD2: 0.0005023011472076178
2025-06-18 16:37:47,815 - root - FA2: 0.0850214958190918
2025-06-18 16:37:47,815 - root - MF_loss2: 0.08552379906177521
2025-06-18 16:37:47,815 - root - gc_loss2: 0.35277876257896423
2025-06-18 16:37:47,816 - root - gen_adv_loss2: 0.8060368299484253
2025-06-18 16:37:47,816 - root - gen2_loss: 16.965526580810547
2025-06-18 16:43:52,957 - root - ===============================================
2025-06-18 16:43:52,957 - root - Epoch: 1/30, Batch: 101/171
2025-06-18 16:43:52,958 - root - ===Discriminator===============================
2025-06-18 16:43:57,440 - root - d_loss: 2.29590106010437
2025-06-18 16:43:57,440 - root - ===Generator1==================================
2025-06-18 16:43:57,441 - root - MD1: 0.00011893508053617552
2025-06-18 16:43:57,441 - root - FA1: 0.0357794389128685
2025-06-18 16:43:57,442 - root - MF_loss1: 0.04767294600605965
2025-06-18 16:43:57,442 - root - gc_loss1: 0.05010484904050827
2025-06-18 16:43:57,443 - root - gen_adv_loss1: 0.7397438287734985
2025-06-18 16:43:57,444 - root - gen1_loss: 12.214837074279785
2025-06-18 16:43:57,444 - root - ===Generator2=================================
2025-06-18 16:43:57,445 - root - MD2: 0.0002512070059310645
2025-06-18 16:43:57,445 - root - FA2: 0.0019225102150812745
2025-06-18 16:43:57,445 - root - MF_loss2: 0.0021737171337008476
2025-06-18 16:43:57,446 - root - gc_loss2: 0.05010484904050827
2025-06-18 16:43:57,446 - root - gen_adv_loss2: 0.7587694525718689
2025-06-18 16:43:57,447 - root - gen2_loss: 7.855171203613281
