2025-06-15 19:28:37,627 - root - Preparing dataset...
2025-06-15 19:28:37,629 - root - Start training...
2025-06-15 19:28:38,605 - root - ===============================================
2025-06-15 19:28:38,606 - root - Epoch: 1/30, Batch: 1/171
2025-06-15 19:28:38,606 - root - ===Discriminator===============================
2025-06-15 19:28:38,687 - root - d_loss: 2.283534049987793
2025-06-15 19:28:38,688 - root - ===Generator1==================================
2025-06-15 19:28:38,688 - root - MD1: 0.00011587694461923093
2025-06-15 19:28:38,688 - root - FA1: 0.1474931240081787
2025-06-15 19:28:38,700 - root - MF_loss1: 0.15908081829547882
2025-06-15 19:28:38,700 - root - gc_loss1: 0.24774354696273804
2025-06-15 19:28:38,701 - root - gen_adv_loss1: 0.7572540044784546
2025-06-15 19:28:38,701 - root - gen1_loss: 23.728364944458008
2025-06-15 19:28:38,701 - root - ===Generator2=================================
2025-06-15 19:28:38,702 - root - MD2: 0.00045013427734375
2025-06-15 19:28:38,702 - root - FA2: 0.021240487694740295
2025-06-15 19:28:38,703 - root - MF_loss2: 0.021690621972084045
2025-06-15 19:28:38,703 - root - gc_loss2: 0.24774354696273804
2025-06-15 19:28:38,703 - root - gen_adv_loss2: 0.742424488067627
2025-06-15 19:28:38,703 - root - gen2_loss: 9.84105110168457
2025-06-15 19:34:43,660 - root - ===============================================
2025-06-15 19:34:43,661 - root - Epoch: 1/30, Batch: 101/171
2025-06-15 19:34:43,661 - root - ===Discriminator===============================
2025-06-15 19:34:48,159 - root - d_loss: 2.2654356956481934
2025-06-15 19:34:48,160 - root - ===Generator1==================================
2025-06-15 19:34:48,160 - root - MD1: 0.00011493157944642007
2025-06-15 19:34:48,160 - root - FA1: 0.010664960369467735
2025-06-15 19:34:48,161 - root - MF_loss1: 0.022158117964863777
2025-06-15 19:34:48,161 - root - gc_loss1: 0.1028049886226654
2025-06-15 19:34:48,162 - root - gen_adv_loss1: 0.7409560084342957
2025-06-15 19:34:48,162 - root - gen1_loss: 9.728177070617676
2025-06-15 19:34:48,163 - root - ===Generator2=================================
2025-06-15 19:34:48,163 - root - MD2: 0.00031278206733986735
2025-06-15 19:34:48,163 - root - FA2: 3.280194960098015e-06
2025-06-15 19:34:48,164 - root - MF_loss2: 0.00031606227275915444
2025-06-15 19:34:48,164 - root - gc_loss2: 0.1028049886226654
2025-06-15 19:34:48,165 - root - gen_adv_loss2: 0.757516086101532
2025-06-15 19:34:48,165 - root - gen2_loss: 7.7095723152160645
