2025-06-18 16:56:33,857 - root - Preparing dataset...
2025-06-18 16:56:33,859 - root - Start training...
2025-06-18 16:56:34,831 - root - ===============================================
2025-06-18 16:56:34,832 - root - Epoch: 1/30, Batch: 1/171
2025-06-18 16:56:34,832 - root - ===Discriminator===============================
2025-06-18 16:56:34,914 - root - d_loss: 2.2696499824523926
2025-06-18 16:56:34,914 - root - ===Generator1==================================
2025-06-18 16:56:34,915 - root - MD1: 0.0005369471618905663
2025-06-18 16:56:34,916 - root - FA1: 0.014548996463418007
2025-06-18 16:56:34,927 - root - MF_loss1: 0.06824371218681335
2025-06-18 16:56:34,928 - root - gc_loss1: 0.6036347150802612
2025-06-18 16:56:34,928 - root - gen_adv_loss1: 0.7527724504470825
2025-06-18 16:56:34,928 - root - gen1_loss: 14.955730438232422
2025-06-18 16:56:34,929 - root - ===Generator2=================================
2025-06-18 16:56:34,929 - root - MD2: 0.0005773932207375765
2025-06-18 16:56:34,929 - root - FA2: 0.12400510162115097
2025-06-18 16:56:34,930 - root - MF_loss2: 0.12458249181509018
2025-06-18 16:56:34,930 - root - gc_loss2: 0.6036347150802612
2025-06-18 16:56:34,931 - root - gen_adv_loss2: 0.8086246252059937
2025-06-18 16:56:34,931 - root - gen2_loss: 21.148128509521484
2025-06-18 17:02:39,952 - root - ===============================================
2025-06-18 17:02:39,953 - root - Epoch: 1/30, Batch: 101/171
2025-06-18 17:02:39,953 - root - ===Discriminator===============================
2025-06-18 17:02:44,457 - root - d_loss: 2.311988115310669
2025-06-18 17:02:44,458 - root - ===Generator1==================================
2025-06-18 17:02:44,458 - root - MD1: 7.63629432185553e-05
2025-06-18 17:02:44,458 - root - FA1: 0.007309910375624895
2025-06-18 17:02:44,459 - root - MF_loss1: 0.014946204610168934
2025-06-18 17:02:44,459 - root - gc_loss1: 0.16875848174095154
2025-06-18 17:02:44,460 - root - gen_adv_loss1: 0.7776296138763428
2025-06-18 17:02:44,460 - root - gen1_loss: 9.439675331115723
2025-06-18 17:02:44,460 - root - ===Generator2=================================
2025-06-18 17:02:44,461 - root - MD2: 0.00025632057804614305
2025-06-18 17:02:44,461 - root - FA2: 0.0008427024004049599
2025-06-18 17:02:44,462 - root - MF_loss2: 0.0010990230366587639
2025-06-18 17:02:44,462 - root - gc_loss2: 0.16875848174095154
2025-06-18 17:02:44,462 - root - gen_adv_loss2: 0.7754138708114624
2025-06-18 17:02:44,463 - root - gen2_loss: 8.03279972076416
