2025-06-21 01:59:05,746 - root - Preparing dataset...
2025-06-21 01:59:05,747 - root - Start training...
2025-06-21 01:59:06,773 - root - ===============================================
2025-06-21 01:59:06,774 - root - Epoch: 1/30, Batch: 1/171
2025-06-21 01:59:06,774 - root - ===Discriminator===============================
2025-06-21 01:59:06,854 - root - d_loss: 2.327134132385254
2025-06-21 01:59:06,855 - root - ===Generator1==================================
2025-06-21 01:59:06,855 - root - MD1: 0.0004842379130423069
2025-06-21 01:59:06,855 - root - FA1: 0.01799672469496727
2025-06-21 01:59:06,866 - root - MF_loss1: 0.06642051041126251
2025-06-21 01:59:06,866 - root - gc_loss1: 0.3178461492061615
2025-06-21 01:59:06,866 - root - gen_adv_loss1: 0.7932331562042236
2025-06-21 01:59:06,866 - root - gen1_loss: 14.892229080200195
2025-06-21 01:59:06,866 - root - ===Generator2=================================
2025-06-21 01:59:06,867 - root - MD2: 0.0005514785298146307
2025-06-21 01:59:06,867 - root - FA2: 0.013604148291051388
2025-06-21 01:59:06,867 - root - MF_loss2: 0.014155627228319645
2025-06-21 01:59:06,867 - root - gc_loss2: 0.3178461492061615
2025-06-21 01:59:06,867 - root - gen_adv_loss2: 0.7561318278312683
2025-06-21 01:59:06,868 - root - gen2_loss: 9.294727325439453
