2025-06-21 08:38:24,176 - root - Preparing dataset...
2025-06-21 08:38:24,177 - root - Start training...
2025-06-21 08:38:25,416 - root - ===============================================
2025-06-21 08:38:25,417 - root - Epoch: 1/30, Batch: 1/171
2025-06-21 08:38:25,417 - root - ===Discriminator===============================
2025-06-21 08:38:25,498 - root - d_loss: 2.277919292449951
2025-06-21 08:38:25,498 - root - ===Generator1==================================
2025-06-21 08:38:25,498 - root - MD1: 0.00144195556640625
2025-06-21 08:38:25,498 - root - FA1: 0.019883856177330017
2025-06-21 08:38:25,500 - root - MF_loss1: 0.16407941281795502
2025-06-21 08:38:25,500 - root - gc_loss1: 0.7768337726593018
2025-06-21 08:38:25,500 - root - gen_adv_loss1: 0.7652794122695923
2025-06-21 08:38:25,501 - root - gen1_loss: 24.837570190429688
2025-06-21 08:38:25,501 - root - ===Generator2=================================
2025-06-21 08:38:25,501 - root - MD2: 0.00011506865848787129
2025-06-21 08:38:25,502 - root - FA2: 0.25821077823638916
2025-06-21 08:38:25,502 - root - MF_loss2: 0.25832584500312805
2025-06-21 08:38:25,502 - root - gc_loss2: 0.7768337726593018
2025-06-21 08:38:25,502 - root - gen_adv_loss2: 0.7960280776023865
2025-06-21 08:38:25,502 - root - gen2_loss: 34.569698333740234
