2025-06-21 02:15:11,400 - root - Preparing dataset...
2025-06-21 02:15:11,401 - root - Start training...
2025-06-21 02:15:12,395 - root - ===============================================
2025-06-21 02:15:12,396 - root - Epoch: 1/30, Batch: 1/171
2025-06-21 02:15:12,396 - root - ===Discriminator===============================
2025-06-21 02:15:12,477 - root - d_loss: 2.239337921142578
2025-06-21 02:15:12,478 - root - ===Generator1==================================
2025-06-21 02:15:12,478 - root - MD1: 0.00012961679021827877
2025-06-21 02:15:12,478 - root - FA1: 0.10974328219890594
2025-06-21 02:15:12,489 - root - MF_loss1: 0.12270496040582657
2025-06-21 02:15:12,489 - root - gc_loss1: 0.5571215748786926
2025-06-21 02:15:12,490 - root - gen_adv_loss1: 0.7271439433097839
2025-06-21 02:15:12,490 - root - gen1_loss: 20.099056243896484
2025-06-21 02:15:12,490 - root - ===Generator2=================================
2025-06-21 02:15:12,491 - root - MD2: 0.00025252645718865097
2025-06-21 02:15:12,491 - root - FA2: 0.03262723982334137
2025-06-21 02:15:12,491 - root - MF_loss2: 0.03287976607680321
2025-06-21 02:15:12,492 - root - gc_loss2: 0.5571215748786926
2025-06-21 02:15:12,492 - root - gen_adv_loss2: 0.733138918876648
2025-06-21 02:15:12,492 - root - gen2_loss: 11.17648696899414
2025-06-21 02:21:18,007 - root - ===============================================
2025-06-21 02:21:18,007 - root - Epoch: 1/30, Batch: 101/171
2025-06-21 02:21:18,007 - root - ===Discriminator===============================
2025-06-21 02:21:22,503 - root - d_loss: 2.278686046600342
2025-06-21 02:21:22,503 - root - ===Generator1==================================
2025-06-21 02:21:22,505 - root - MD1: 6.428056803997606e-05
2025-06-21 02:21:22,505 - root - FA1: 0.022526690736413002
2025-06-21 02:21:22,505 - root - MF_loss1: 0.028954748064279556
2025-06-21 02:21:22,506 - root - gc_loss1: 0.34478163719177246
2025-06-21 02:21:22,506 - root - gen_adv_loss1: 0.7448148131370544
2025-06-21 02:21:22,507 - root - gen1_loss: 10.68840503692627
2025-06-21 02:21:22,507 - root - ===Generator2=================================
2025-06-21 02:21:22,507 - root - MD2: 0.00023651123046875
2025-06-21 02:21:22,508 - root - FA2: 3.240083242417313e-05
2025-06-21 02:21:22,508 - root - MF_loss2: 0.0002689120592549443
2025-06-21 02:21:22,508 - root - gc_loss2: 0.34478163719177246
2025-06-21 02:21:22,509 - root - gen_adv_loss2: 0.7316359281539917
2025-06-21 02:21:22,509 - root - gen2_loss: 7.688032150268555
2025-06-21 02:26:00,801 - root - Epoch 1 evaluation:
2025-06-21 02:26:00,801 - root - ==========g1 results ============================
2025-06-21 02:26:00,801 - root - ==========val_L2_loss is 0.004012
2025-06-21 02:26:00,802 - root - ==========falseAlarm_rate is 0.010743
2025-06-21 02:26:00,802 - root - ==========detection_rate is 0.063247
2025-06-21 02:26:00,802 - root - ==========F1 measure is 0.024205
2025-06-21 02:26:00,802 - root - ========== g2 results ============================
2025-06-21 02:26:00,803 - root - ==========val_L2_loss is 0.000808
2025-06-21 02:26:00,803 - root - ==========falseAlarm_rate is 0.003946
2025-06-21 02:26:00,803 - root - ==========detection_rate is 0.009142
2025-06-21 02:26:00,803 - root - ==========F1 measure is 0.000000
2025-06-21 02:26:00,803 - root - ========== g3 results ============================
2025-06-21 02:26:00,803 - root - ==========val_L2_loss is 0.001754
2025-06-21 02:26:00,804 - root - ==========falseAlarm_rate is 0.007345
2025-06-21 02:26:00,804 - root - ==========detection_rate is 0.036194
2025-06-21 02:26:00,804 - root - ==========F1 measure is 0.008010
