2025-06-15 18:41:30,902 - root - Preparing dataset...
2025-06-15 18:41:30,904 - root - Start training...
2025-06-15 18:41:31,874 - root - ===============================================
2025-06-15 18:41:31,874 - root - Epoch: 1/30, Batch: 1/171
2025-06-15 18:41:31,874 - root - ===Discriminator===============================
2025-06-15 18:41:31,956 - root - d_loss: 2.3148460388183594
2025-06-15 18:41:31,956 - root - ===Generator1==================================
2025-06-15 18:41:31,957 - root - MD1: 0.00103312311694026
2025-06-15 18:41:31,957 - root - FA1: 0.015090083703398705
2025-06-15 18:41:31,970 - root - MF_loss1: 0.118402399122715
2025-06-15 18:41:31,971 - root - gc_loss1: 0.5343518853187561
2025-06-15 18:41:31,971 - root - gen_adv_loss1: 0.7613956928253174
2025-06-15 18:41:31,971 - root - gen1_loss: 19.988548278808594
2025-06-15 18:41:31,972 - root - ===Generator2=================================
2025-06-15 18:41:31,972 - root - MD2: 0.0007636765367351472
2025-06-15 18:41:31,973 - root - FA2: 0.0790695771574974
2025-06-15 18:41:31,973 - root - MF_loss2: 0.0798332542181015
2025-06-15 18:41:31,974 - root - gc_loss2: 0.5343518853187561
2025-06-15 18:41:31,974 - root - gen_adv_loss2: 0.7543355822563171
2025-06-15 18:41:31,975 - root - gen2_loss: 16.061033248901367
2025-06-15 18:47:36,965 - root - ===============================================
2025-06-15 18:47:36,966 - root - Epoch: 1/30, Batch: 101/171
2025-06-15 18:47:36,966 - root - ===Discriminator===============================
2025-06-15 18:47:41,467 - root - d_loss: 2.2931106090545654
2025-06-15 18:47:41,468 - root - ===Generator1==================================
2025-06-15 18:47:41,468 - root - MD1: 0.001190185546875
2025-06-15 18:47:41,469 - root - FA1: 9.087628313864116e-06
2025-06-15 18:47:41,469 - root - MF_loss1: 0.11902764439582825
2025-06-15 18:47:41,470 - root - gc_loss1: 0.012180715799331665
2025-06-15 18:47:41,470 - root - gen_adv_loss1: 0.7578960657119751
2025-06-15 18:47:41,470 - root - gen1_loss: 19.49390411376953
2025-06-15 18:47:41,471 - root - ===Generator2=================================
2025-06-15 18:47:41,471 - root - MD2: 0.0010841313051059842
2025-06-15 18:47:41,472 - root - FA2: 0.00012611340207513422
2025-06-15 18:47:41,472 - root - MF_loss2: 0.0012102447217330337
2025-06-15 18:47:41,472 - root - gc_loss2: 0.012180715799331665
2025-06-15 18:47:41,473 - root - gen_adv_loss2: 0.7590212821960449
2025-06-15 18:47:41,473 - root - gen2_loss: 7.723418235778809
