2025-06-15 18:22:10,872 - root - Preparing dataset...
2025-06-15 18:22:10,873 - root - Start training...
2025-06-15 18:22:42,895 - root - ===============================================
2025-06-15 18:22:42,896 - root - Epoch: 1/30, Batch: 1/86
2025-06-15 18:22:42,896 - root - ===Discriminator===============================
2025-06-15 18:23:14,839 - root - d_loss: 2.295802593231201
2025-06-15 18:23:14,839 - root - ===Generator1==================================
2025-06-15 18:23:14,840 - root - MD1: 0.0006206113030202687
2025-06-15 18:23:14,841 - root - FA1: 0.10111886262893677
2025-06-15 18:23:14,851 - root - MF_loss1: 0.16317999362945557
2025-06-15 18:23:14,852 - root - gc_loss1: 0.3036859333515167
2025-06-15 18:23:14,852 - root - gen_adv_loss1: 0.7596555948257446
2025-06-15 18:23:14,853 - root - gen1_loss: 24.21824073791504
2025-06-15 18:23:14,853 - root - ===Generator2=================================
2025-06-15 18:23:14,853 - root - MD2: 0.0006702303653582931
2025-06-15 18:23:14,854 - root - FA2: 0.11220183223485947
2025-06-15 18:23:14,854 - root - MF_loss2: 0.11287206411361694
2025-06-15 18:23:14,854 - root - gc_loss2: 0.3036859333515167
2025-06-15 18:23:14,855 - root - gen_adv_loss2: 0.7448241710662842
2025-06-15 18:23:14,855 - root - gen2_loss: 19.039134979248047
